{"meta": {"format": 3, "version": "7.16.1", "timestamp": "2026-09-20T18:37:33.128192", "branch_coverage": true, "show_contexts": false}, "files": {"backend\\app\\api\\__init__.py": {"executed_lines": [], "summary": {"covered_lines": 0, "num_statements": 0, "percent_covered": 100.0, "percent_covered_display": "100", "missing_lines": 0, "excluded_lines": 0, "percent_statements_covered": 100.0, "percent_statements_covered_display": "100", "num_branches": 0, "num_partial_branches": 0, "covered_branches": 0, "missing_branches": 0, "percent_branches_covered": 100.0, "percent_branches_covered_display": "100"}, "missing_lines": [], "excluded_lines": [], "executed_branches": [], "missing_branches": [], "functions": {"": {"executed_lines": [], "summary": {"covered_lines": 0, "num_statements": 0, "percent_covered": 100.0, "percent_covered_display": "100", "missing_lines": 0, "excluded_lines": 0, "percent_statements_covered": 100.0, "percent_statements_covered_display": "100", "num_branches": 0, "num_partial_branches": 0, "covered_branches": 0, "missing_branches": 0, "percent_branches_covered": 100.0, "percent_branches_covered_display": "100"}, "missing_lines": [], "excluded_lines": [], "start_line": 1, "executed_branches": [], "missing_branches": []}}, "classes": {"": {"executed_lines": [], "summary": {"covered_lines": 0, "num_statements": 0, "percent_covered": 100.0, "percent_covered_display": "100", "missing_lines": 0, "excluded_lines": 0, "percent_statements_covered": 100.0, "percent_statements_covered_display": "100", "num_branches": 0, "num_partial_branches": 0, "covered_branches": 0, "missing_branches": 0, "percent_branches_covered": 100.0, "percent_branches_covered_display": "100"}, "missing_lines": [], "excluded_lines": [], "start_line": 1, "executed_branches": [], "missing_branches": []}}}, "backend\\app\\api\\deps.py": {"executed_lines": [1, 3, 5, 6, 8, 9, 10, 12, 15, 16, 19, 20, 21, 22, 23, 24, 27, 31, 32, 33, 34, 35, 36, 37, 38, 39, 40], "summary": {"covered_lines": 27, "num_statements": 27, "percent_covered": 100.0, "percent_covered_display": "100", "missing_lines": 0, "excluded_lines": 0, "percent_statements_covered": 100.0, "percent_statements_covered_display": "100", "num_branches": 6, "num_partial_branches": 0, "covered_branches": 6, "missing_branches": 0, "percent_branches_covered": 100.0, "percent_branches_covered_display": "100"}, "missing_lines": [], "excluded_lines": [], "executed_branches": [[21, 22], [21, 24], [31, 32], [31, 33], [36, 37], [36, 38]], "missing_branches": [], "functions": {"get_repository": {"executed_lines": [16], "summary": {"covered_lines": 1, "num_statements": 1, "percent_covered": 100.0, "percent_covered_display": "100", "missing_lines": 0, "excluded_lines": 0, "percent_statements_covered": 100.0, "percent_statements_covered_display": "100", "num_branches": 0, "num_partial_branches": 0, "covered_branches": 0, "missing_branches": 0, "percent_branches_covered": 100.0, "percent_branches_covered_display": "100"}, "missing_lines": [], "excluded_lines": [], "start_line": 15, "executed_branches": [], "missing_branches": []}, "get_recognition_service": {"executed_lines": [20, 21, 22, 23, 24], "summary": {"covered_lines": 5, "num_statements": 5, "percent_covered": 100.0, "percent_covered_display": "100", "missing_lines": 0, "excluded_lines": 0, "percent_statements_covered": 100.0, "percent_statements_covered_display": "100", "num_branches": 2, "num_partial_branches": 0, "covered_branches": 2, "missing_branches": 0, "percent_branches_covered": 100.0, "percent_branches_covered_display": "100"}, "missing_lines": [], "excluded_lines": [], "start_line": 19, "executed_branches": [[21, 22], [21, 24]], "missing_branches": []}, "get_current_user": {"executed_lines": [31, 32, 33, 34, 35, 36, 37, 38, 39, 40], "summary": {"covered_lines": 10, "num_statements": 10, "percent_covered": 100.0, "percent_covered_display": "100", "missing_lines": 0, "excluded_lines": 0, "percent_statements_covered": 100.0, "percent_statements_covered_display": "100", "num_branches": 4, "num_partial_branches": 0, "covered_branches": 4, "missing_branches": 0, "percent_branches_covered": 100.0, "percent_branches_covered_display": "100"}, "missing_lines": [], "excluded_lines": [], "start_line": 27, "executed_branches": [[31, 32], [31, 33], [36, 37], [36, 38]], "missing_branches": []}, "": {"executed_lines": [1, 3, 5, 6, 8, 9, 10, 12, 15, 19, 27], "summary": {"covered_lines": 11, "num_statements": 11, "percent_covered": 100.0, "percent_covered_display": "100", "missing_lines": 0, "excluded_lines": 0, "percent_statements_covered": 100.0, "percent_statements_covered_display": "100", "num_branches": 0, "num_partial_branches": 0, "covered_branches": 0, "missing_branches": 0, "percent_branches_covered": 100.0, "percent_branches_covered_display": "100"}, "missing_lines": [], "excluded_lines": [], "start_line": 1, "executed_branches": [], "missing_branches": []}}, "classes": {"": {"executed_lines": [1, 3, 5, 6, 8, 9, 10, 12, 15, 16, 19, 20, 21, 22, 23, 24, 27, 31, 32, 33, 34, 35, 36, 37, 38, 39, 40], "summary": {"covered_lines": 27, "num_statements": 27, "percent_covered": 100.0, "percent_covered_display": "100", "missing_lines": 0, "excluded_lines": 0, "percent_statements_covered": 100.0, "percent_statements_covered_display": "100", "num_branches": 6, "num_partial_branches": 0, "covered_branches": 6, "missing_branches": 0, "percent_branches_covered": 100.0, "percent_branches_covered_display": "100"}, "missing_lines": [], "excluded_lines": [], "start_line": 1, "executed_branches": [[21, 22], [21, 24], [31, 32], [31, 33], [36, 37], [36, 38]], "missing_branches": []}}}, "backend\\app\\api\\image_input.py": {"executed_lines": [1, 3, 4, 6, 8, 9, 12, 13, 14, 15, 17, 30, 31, 32, 35, 43, 44, 45, 46, 47, 52, 54, 57], "summary": {"covered_lines": 23, "num_statements": 54, "percent_covered": 37.17948717948718, "percent_covered_display": "37", "missing_lines": 31, "excluded_lines": 0, "percent_statements_covered": 42.592592592592595, "percent_statements_covered_display": "43", "num_branches": 24, "num_partial_branches": 6, "covered_branches": 6, "missing_branches": 18, "percent_branches_covered": 25.0, "percent_branches_covered_display": "25"}, "missing_lines": [18, 19, 20, 21, 22, 23, 25, 26, 29, 33, 34, 37, 38, 39, 48, 53, 62, 63, 64, 65, 66, 67, 68, 69, 70, 71, 72, 73, 74, 75, 76], "excluded_lines": [], "executed_branches": [[17, 30], [30, 31], [43, 44], [45, 46], [47, 52], [52, 54]], "missing_branches": [[17, 18], [20, 21], [20, 43], [22, 20], [22, 23], [25, 26], [25, 29], [30, 37], [38, 39], [38, 43], [43, 52], [45, 52], [47, 48], [52, 53], [63, 64], [63, 69], [70, 71], [70, 76]], "functions": {"read_image_request": {"executed_lines": [13, 14, 15, 17, 30, 31, 32, 35, 43, 44, 45, 46, 47, 52, 54], "summary": {"covered_lines": 15, "num_statements": 31, "percent_covered": 41.1764705882353, "percent_covered_display": "41", "missing_lines": 16, "excluded_lines": 0, "percent_statements_covered": 48.38709677419355, "percent_statements_covered_display": "48", "num_branches": 20, "num_partial_branches": 6, "covered_branches": 6, "missing_branches": 14, "percent_branches_covered": 30.0, "percent_branches_covered_display": "30"}, "missing_lines": [18, 19, 20, 21, 22, 23, 25, 26, 29, 33, 34, 37, 38, 39, 48, 53], "excluded_lines": [], "start_line": 12, "executed_branches": [[17, 30], [30, 31], [43, 44], [45, 46], [47, 52], [52, 54]], "missing_branches": [[17, 18], [20, 21], [20, 43], [22, 20], [22, 23], [25, 26], [25, 29], [30, 37], [38, 39], [38, 43], [43, 52], [45, 52], [47, 48], [52, 53]]}, "similarity_threshold": {"executed_lines": [], "summary": {"covered_lines": 0, "num_statements": 15, "percent_covered": 0.0, "percent_covered_display": "0", "missing_lines": 15, "excluded_lines": 0, "percent_statements_covered": 0.0, "percent_statements_covered_display": "0", "num_branches": 4, "num_partial_branches": 0, "covered_branches": 0, "missing_branches": 4, "percent_branches_covered": 0.0, "percent_branches_covered_display": "0"}, "missing_lines": [62, 63, 64, 65, 66, 67, 68, 69, 70, 71, 72, 73, 74, 75, 76], "excluded_lines": [], "start_line": 57, "executed_branches": [], "missing_branches": [[63, 64], [63, 69], [70, 71], [70, 76]]}, "": {"executed_lines": [1, 3, 4, 6, 8, 9, 12, 57], "summary": {"covered_lines": 8, "num_statements": 8, "percent_covered": 100.0, "percent_covered_display": "100", "missing_lines": 0, "excluded_lines": 0, "percent_statements_covered": 100.0, "percent_statements_covered_display": "100", "num_branches": 0, "num_partial_branches": 0, "covered_branches": 0, "missing_branches": 0, "percent_branches_covered": 100.0, "percent_branches_covered_display": "100"}, "missing_lines": [], "excluded_lines": [], "start_line": 1, "executed_branches": [], "missing_branches": []}}, "classes": {"": {"executed_lines": [1, 3, 4, 6, 8, 9, 12, 13, 14, 15, 17, 30, 31, 32, 35, 43, 44, 45, 46, 47, 52, 54, 57], "summary": {"covered_lines": 23, "num_statements": 54, "percent_covered": 37.17948717948718, "percent_covered_display": "37", "missing_lines": 31, "excluded_lines": 0, "percent_statements_covered": 42.592592592592595, "percent_statements_covered_display": "43", "num_branches": 24, "num_partial_branches": 6, "covered_branches": 6, "missing_branches": 18, "percent_branches_covered": 25.0, "percent_branches_covered_display": "25"}, "missing_lines": [18, 19, 20, 21, 22, 23, 25, 26, 29, 33, 34, 37, 38, 39, 48, 53, 62, 63, 64, 65, 66, 67, 68, 69, 70, 71, 72, 73, 74, 75, 76], "excluded_lines": [], "start_line": 1, "executed_branches": [[17, 30], [30, 31], [43, 44], [45, 46], [47, 52], [52, 54]], "missing_branches": [[17, 18], [20, 21], [20, 43], [22, 20], [22, 23], [25, 26], [25, 29], [30, 37], [38, 39], [38, 43], [43, 52], [45, 52], [47, 48], [52, 53], [63, 64], [63, 69], [70, 71], [70, 76]]}}}, "backend\\app\\api\\routes\\__init__.py": {"executed_lines": [], "summary": {"covered_lines": 0, "num_statements": 0, "percent_covered": 100.0, "percent_covered_display": "100", "missing_lines": 0, "excluded_lines": 0, "percent_statements_covered": 100.0, "percent_statements_covered_display": "100", "num_branches": 0, "num_partial_branches": 0, "covered_branches": 0, "missing_branches": 0, "percent_branches_covered": 100.0, "percent_branches_covered_display": "100"}, "missing_lines": [], "excluded_lines": [], "executed_branches": [], "missing_branches": [], "functions": {"": {"executed_lines": [], "summary": {"covered_lines": 0, "num_statements": 0, "percent_covered": 100.0, "percent_covered_display": "100", "missing_lines": 0, "excluded_lines": 0, "percent_statements_covered": 100.0, "percent_statements_covered_display": "100", "num_branches": 0, "num_partial_branches": 0, "covered_branches": 0, "missing_branches": 0, "percent_branches_covered": 100.0, "percent_branches_covered_display": "100"}, "missing_lines": [], "excluded_lines": [], "start_line": 1, "executed_branches": [], "missing_branches": []}}, "classes": {"": {"executed_lines": [], "summary": {"covered_lines": 0, "num_statements": 0, "percent_covered": 100.0, "percent_covered_display": "100", "missing_lines": 0, "excluded_lines": 0, "percent_statements_covered": 100.0, "percent_statements_covered_display": "100", "num_branches": 0, "num_partial_branches": 0, "covered_branches": 0, "missing_branches": 0, "percent_branches_covered": 100.0, "percent_branches_covered_display": "100"}, "missing_lines": [], "excluded_lines": [], "start_line": 1, "executed_branches": [], "missing_branches": []}}}, "backend\\app\\api\\routes\\accounts.py": {"executed_lines": [1, 3, 5, 7, 8, 9, 11, 14, 15, 16, 18, 21, 22, 23, 24, 27, 28, 32, 33, 36, 37, 42, 43, 44, 45, 46, 49, 50, 56, 57, 58, 59, 60, 61, 62, 63, 64, 65, 66, 67, 75, 78, 79, 85, 86, 87, 88, 89, 90, 98], "summary": {"covered_lines": 50, "num_statements": 51, "percent_covered": 96.61016949152543, "percent_covered_display": "97", "missing_lines": 1, "excluded_lines": 0, "percent_statements_covered": 98.03921568627452, "percent_statements_covered_display": "98", "num_branches": 8, "num_partial_branches": 1, "covered_branches": 7, "missing_branches": 1, "percent_branches_covered": 87.5, "percent_branches_covered_display": "88"}, "missing_lines": [17], "excluded_lines": [], "executed_branches": [[16, 18], [22, 23], [22, 24], [57, 58], [57, 59], [60, 61], [60, 62]], "missing_branches": [[16, 17]], "functions": {"organization_id": {"executed_lines": [15, 16, 18], "summary": {"covered_lines": 3, "num_statements": 4, "percent_covered": 66.66666666666667, "percent_covered_display": "67", "missing_lines": 1, "excluded_lines": 0, "percent_statements_covered": 75.0, "percent_statements_covered_display": "75", "num_branches": 2, "num_partial_branches": 1, "covered_branches": 1, "missing_branches": 1, "percent_branches_covered": 50.0, "percent_branches_covered_display": "50"}, "missing_lines": [17], "excluded_lines": [], "start_line": 14, "executed_branches": [[16, 18]], "missing_branches": [[16, 17]]}, "require_admin": {"executed_lines": [22, 23, 24], "summary": {"covered_lines": 3, "num_statements": 3, "percent_covered": 100.0, "percent_covered_display": "100", "missing_lines": 0, "excluded_lines": 0, "percent_statements_covered": 100.0, "percent_statements_covered_display": "100", "num_branches": 2, "num_partial_branches": 0, "covered_branches": 2, "missing_branches": 0, "percent_branches_covered": 100.0, "percent_branches_covered_display": "100"}, "missing_lines": [], "excluded_lines": [], "start_line": 21, "executed_branches": [[22, 23], [22, 24]], "missing_branches": []}, "list_accounts": {"executed_lines": [32, 33], "summary": {"covered_lines": 2, "num_statements": 2, "percent_covered": 100.0, "percent_covered_display": "100", "missing_lines": 0, "excluded_lines": 0, "percent_statements_covered": 100.0, "percent_statements_covered_display": "100", "num_branches": 0, "num_partial_branches": 0, "covered_branches": 0, "missing_branches": 0, "percent_branches_covered": 100.0, "percent_branches_covered_display": "100"}, "missing_lines": [], "excluded_lines": [], "start_line": 28, "executed_branches": [], "missing_branches": []}, "save_account": {"executed_lines": [42, 43, 44, 45, 46], "summary": {"covered_lines": 5, "num_statements": 5, "percent_covered": 100.0, "percent_covered_display": "100", "missing_lines": 0, "excluded_lines": 0, "percent_statements_covered": 100.0, "percent_statements_covered_display": "100", "num_branches": 0, "num_partial_branches": 0, "covered_branches": 0, "missing_branches": 0, "percent_branches_covered": 100.0, "percent_branches_covered_display": "100"}, "missing_lines": [], "excluded_lines": [], "start_line": 37, "executed_branches": [], "missing_branches": []}, "reset_password": {"executed_lines": [56, 57, 58, 59, 60, 61, 62, 63, 64, 65, 66, 67, 75], "summary": {"covered_lines": 13, "num_statements": 13, "percent_covered": 100.0, "percent_covered_display": "100", "missing_lines": 0, "excluded_lines": 0, "percent_statements_covered": 100.0, "percent_statements_covered_display": "100", "num_branches": 4, "num_partial_branches": 0, "covered_branches": 4, "missing_branches": 0, "percent_branches_covered": 100.0, "percent_branches_covered_display": "100"}, "missing_lines": [], "excluded_lines": [], "start_line": 50, "executed_branches": [[57, 58], [57, 59], [60, 61], [60, 62]], "missing_branches": []}, "set_lock": {"executed_lines": [85, 86, 87, 88, 89, 90, 98], "summary": {"covered_lines": 7, "num_statements": 7, "percent_covered": 100.0, "percent_covered_display": "100", "missing_lines": 0, "excluded_lines": 0, "percent_statements_covered": 100.0, "percent_statements_covered_display": "100", "num_branches": 0, "num_partial_branches": 0, "covered_branches": 0, "missing_branches": 0, "percent_branches_covered": 100.0, "percent_branches_covered_display": "100"}, "missing_lines": [], "excluded_lines": [], "start_line": 79, "executed_branches": [], "missing_branches": []}, "": {"executed_lines": [1, 3, 5, 7, 8, 9, 11, 14, 21, 27, 28, 36, 37, 49, 50, 78, 79], "summary": {"covered_lines": 17, "num_statements": 17, "percent_covered": 100.0, "percent_covered_display": "100", "missing_lines": 0, "excluded_lines": 0, "percent_statements_covered": 100.0, "percent_statements_covered_display": "100", "num_branches": 0, "num_partial_branches": 0, "covered_branches": 0, "missing_branches": 0, "percent_branches_covered": 100.0, "percent_branches_covered_display": "100"}, "missing_lines": [], "excluded_lines": [], "start_line": 1, "executed_branches": [], "missing_branches": []}}, "classes": {"": {"executed_lines": [1, 3, 5, 7, 8, 9, 11, 14, 15, 16, 18, 21, 22, 23, 24, 27, 28, 32, 33, 36, 37, 42, 43, 44, 45, 46, 49, 50, 56, 57, 58, 59, 60, 61, 62, 63, 64, 65, 66, 67, 75, 78, 79, 85, 86, 87, 88, 89, 90, 98], "summary": {"covered_lines": 50, "num_statements": 51, "percent_covered": 96.61016949152543, "percent_covered_display": "97", "missing_lines": 1, "excluded_lines": 0, "percent_statements_covered": 98.03921568627452, "percent_statements_covered_display": "98", "num_branches": 8, "num_partial_branches": 1, "covered_branches": 7, "missing_branches": 1, "percent_branches_covered": 87.5, "percent_branches_covered_display": "88"}, "missing_lines": [17], "excluded_lines": [], "start_line": 1, "executed_branches": [[16, 18], [22, 23], [22, 24], [57, 58], [57, 59], [60, 61], [60, 62]], "missing_branches": [[16, 17]]}}}, "backend\\app\\api\\routes\\attendance.py": {"executed_lines": [1, 3, 4, 6, 8, 9, 10, 11, 13, 14, 17, 18, 19, 21, 24, 28, 34, 36, 38, 39, 40, 45, 46, 47, 52, 68, 69, 73, 76, 77, 83, 84, 85, 86, 87, 88, 103, 104, 109, 110, 111, 112, 113, 114, 125, 126, 136, 137, 139, 141, 143, 144, 145, 146, 147, 148, 151, 152, 157, 158, 159, 162, 163, 167, 168, 171, 172, 178, 179, 180, 181, 182, 183, 193, 194, 200, 201, 202, 203, 204], "summary": {"covered_lines": 80, "num_statements": 106, "percent_covered": 70.3125, "percent_covered_display": "70", "missing_lines": 26, "excluded_lines": 0, "percent_statements_covered": 75.47169811320755, "percent_statements_covered_display": "75", "num_branches": 22, "num_partial_branches": 8, "covered_branches": 10, "missing_branches": 12, "percent_branches_covered": 45.45454545454545, "percent_branches_covered_display": "45"}, "missing_lines": [20, 25, 30, 31, 37, 41, 42, 44, 48, 49, 53, 54, 55, 56, 65, 97, 98, 99, 100, 119, 120, 121, 122, 138, 140, 142], "excluded_lines": [], "executed_branches": [[19, 21], [36, 38], [39, 40], [137, 139], [139, 141], [141, 143], [143, 144], [145, 146], [202, 203], [202, 204]], "missing_branches": [[19, 20], [36, 37], [39, 41], [41, 42], [41, 44], [54, 55], [54, 56], [137, 138], [139, 140], [141, 142], [143, 145], [145, 147]], "functions": {"_organization_id": {"executed_lines": [18, 19, 21], "summary": {"covered_lines": 3, "num_statements": 4, "percent_covered": 66.66666666666667, "percent_covered_display": "67", "missing_lines": 1, "excluded_lines": 0, "percent_statements_covered": 75.0, "percent_statements_covered_display": "75", "num_branches": 2, "num_partial_branches": 1, "covered_branches": 1, "missing_branches": 1, "percent_branches_covered": 50.0, "percent_branches_covered_display": "50"}, "missing_lines": [20], "excluded_lines": [], "start_line": 17, "executed_branches": [[19, 21]], "missing_branches": [[19, 20]]}, "_now": {"executed_lines": [], "summary": {"covered_lines": 0, "num_statements": 1, "percent_covered": 0.0, "percent_covered_display": "0", "missing_lines": 1, "excluded_lines": 0, "percent_statements_covered": 0.0, "percent_statements_covered_display": "0", "num_branches": 0, "num_partial_branches": 0, "covered_branches": 0, "missing_branches": 0, "percent_branches_covered": 100.0, "percent_branches_covered_display": "100"}, "missing_lines": [25], "excluded_lines": [], "start_line": 24, "executed_branches": [], "missing_branches": []}, "_today_start_utc": {"executed_lines": [], "summary": {"covered_lines": 0, "num_statements": 2, "percent_covered": 0.0, "percent_covered_display": "0", "missing_lines": 2, "excluded_lines": 0, "percent_statements_covered": 0.0, "percent_statements_covered_display": "0", "num_branches": 0, "num_partial_branches": 0, "covered_branches": 0, "missing_branches": 0, "percent_branches_covered": 100.0, "percent_branches_covered_display": "100"}, "missing_lines": [30, 31], "excluded_lines": [], "start_line": 28, "executed_branches": [], "missing_branches": []}, "_is_today": {"executed_lines": [36, 38, 39, 40, 45, 46, 47], "summary": {"covered_lines": 7, "num_statements": 13, "percent_covered": 47.36842105263158, "percent_covered_display": "47", "missing_lines": 6, "excluded_lines": 0, "percent_statements_covered": 53.84615384615385, "percent_statements_covered_display": "54", "num_branches": 6, "num_partial_branches": 2, "covered_branches": 2, "missing_branches": 4, "percent_branches_covered": 33.333333333333336, "percent_branches_covered_display": "33"}, "missing_lines": [37, 41, 42, 44, 48, 49], "excluded_lines": [], "start_line": 34, "executed_branches": [[36, 38], [39, 40]], "missing_branches": [[36, 37], [39, 41], [41, 42], [41, 44]]}, "_manual_record": {"executed_lines": [], "summary": {"covered_lines": 0, "num_statements": 5, "percent_covered": 0.0, "percent_covered_display": "0", "missing_lines": 5, "excluded_lines": 0, "percent_statements_covered": 0.0, "percent_statements_covered_display": "0", "num_branches": 2, "num_partial_branches": 0, "covered_branches": 0, "missing_branches": 2, "percent_branches_covered": 0.0, "percent_branches_covered_display": "0"}, "missing_lines": [53, 54, 55, 56, 65], "excluded_lines": [], "start_line": 52, "executed_branches": [], "missing_branches": [[54, 55], [54, 56]]}, "create_attendance": {"executed_lines": [73], "summary": {"covered_lines": 1, "num_statements": 1, "percent_covered": 100.0, "percent_covered_display": "100", "missing_lines": 0, "excluded_lines": 0, "percent_statements_covered": 100.0, "percent_statements_covered_display": "100", "num_branches": 0, "num_partial_branches": 0, "covered_branches": 0, "missing_branches": 0, "percent_branches_covered": 100.0, "percent_branches_covered_display": "100"}, "missing_lines": [], "excluded_lines": [], "start_line": 69, "executed_branches": [], "missing_branches": []}, "recognize_attendance": {"executed_lines": [83, 84, 85, 86, 87, 88], "summary": {"covered_lines": 6, "num_statements": 10, "percent_covered": 60.0, "percent_covered_display": "60", "missing_lines": 4, "excluded_lines": 0, "percent_statements_covered": 60.0, "percent_statements_covered_display": "60", "num_branches": 0, "num_partial_branches": 0, "covered_branches": 0, "missing_branches": 0, "percent_branches_covered": 100.0, "percent_branches_covered_display": "100"}, "missing_lines": [97, 98, 99, 100], "excluded_lines": [], "start_line": 77, "executed_branches": [], "missing_branches": []}, "detect_faces": {"executed_lines": [109, 110, 111, 112, 113, 114], "summary": {"covered_lines": 6, "num_statements": 10, "percent_covered": 60.0, "percent_covered_display": "60", "missing_lines": 4, "excluded_lines": 0, "percent_statements_covered": 60.0, "percent_statements_covered_display": "60", "num_branches": 0, "num_partial_branches": 0, "covered_branches": 0, "missing_branches": 0, "percent_branches_covered": 100.0, "percent_branches_covered_display": "100"}, "missing_lines": [119, 120, 121, 122], "excluded_lines": [], "start_line": 104, "executed_branches": [], "missing_branches": []}, "attendance_records": {"executed_lines": [136, 137, 139, 141, 143, 144, 145, 146, 147, 148], "summary": {"covered_lines": 10, "num_statements": 13, "percent_covered": 65.21739130434783, "percent_covered_display": "65", "missing_lines": 3, "excluded_lines": 0, "percent_statements_covered": 76.92307692307692, "percent_statements_covered_display": "77", "num_branches": 10, "num_partial_branches": 5, "covered_branches": 5, "missing_branches": 5, "percent_branches_covered": 50.0, "percent_branches_covered_display": "50"}, "missing_lines": [138, 140, 142], "excluded_lines": [], "start_line": 126, "executed_branches": [[137, 139], [139, 141], [141, 143], [143, 144], [145, 146]], "missing_branches": [[137, 138], [139, 140], [141, 142], [143, 145], [145, 147]]}, "today_attendance": {"executed_lines": [157, 158, 159], "summary": {"covered_lines": 3, "num_statements": 3, "percent_covered": 100.0, "percent_covered_display": "100", "missing_lines": 0, "excluded_lines": 0, "percent_statements_covered": 100.0, "percent_statements_covered_display": "100", "num_branches": 0, "num_partial_branches": 0, "covered_branches": 0, "missing_branches": 0, "percent_branches_covered": 100.0, "percent_branches_covered_display": "100"}, "missing_lines": [], "excluded_lines": [], "start_line": 152, "executed_branches": [], "missing_branches": []}, "recent_attendance": {"executed_lines": [167, 168], "summary": {"covered_lines": 2, "num_statements": 2, "percent_covered": 100.0, "percent_covered_display": "100", "missing_lines": 0, "excluded_lines": 0, "percent_statements_covered": 100.0, "percent_statements_covered_display": "100", "num_branches": 0, "num_partial_branches": 0, "covered_branches": 0, "missing_branches": 0, "percent_branches_covered": 100.0, "percent_branches_covered_display": "100"}, "missing_lines": [], "excluded_lines": [], "start_line": 163, "executed_branches": [], "missing_branches": []}, "attendance_stats": {"executed_lines": [178, 179, 180, 181, 182, 183], "summary": {"covered_lines": 6, "num_statements": 6, "percent_covered": 100.0, "percent_covered_display": "100", "missing_lines": 0, "excluded_lines": 0, "percent_statements_covered": 100.0, "percent_statements_covered_display": "100", "num_branches": 0, "num_partial_branches": 0, "covered_branches": 0, "missing_branches": 0, "percent_branches_covered": 100.0, "percent_branches_covered_display": "100"}, "missing_lines": [], "excluded_lines": [], "start_line": 172, "executed_branches": [], "missing_branches": []}, "attendance_status": {"executed_lines": [200, 201, 202, 203, 204], "summary": {"covered_lines": 5, "num_statements": 5, "percent_covered": 100.0, "percent_covered_display": "100", "missing_lines": 0, "excluded_lines": 0, "percent_statements_covered": 100.0, "percent_statements_covered_display": "100", "num_branches": 2, "num_partial_branches": 0, "covered_branches": 2, "missing_branches": 0, "percent_branches_covered": 100.0, "percent_branches_covered_display": "100"}, "missing_lines": [], "excluded_lines": [], "start_line": 194, "executed_branches": [[202, 203], [202, 204]], "missing_branches": []}, "": {"executed_lines": [1, 3, 4, 6, 8, 9, 10, 11, 13, 14, 17, 24, 28, 34, 52, 68, 69, 76, 77, 103, 104, 125, 126, 151, 152, 162, 163, 171, 172, 193, 194], "summary": {"covered_lines": 31, "num_statements": 31, "percent_covered": 100.0, "percent_covered_display": "100", "missing_lines": 0, "excluded_lines": 0, "percent_statements_covered": 100.0, "percent_statements_covered_display": "100", "num_branches": 0, "num_partial_branches": 0, "covered_branches": 0, "missing_branches": 0, "percent_branches_covered": 100.0, "percent_branches_covered_display": "100"}, "missing_lines": [], "excluded_lines": [], "start_line": 1, "executed_branches": [], "missing_branches": []}}, "classes": {"": {"executed_lines": [1, 3, 4, 6, 8, 9, 10, 11, 13, 14, 17, 18, 19, 21, 24, 28, 34, 36, 38, 39, 40, 45, 46, 47, 52, 68, 69, 73, 76, 77, 83, 84, 85, 86, 87, 88, 103, 104, 109, 110, 111, 112, 113, 114, 125, 126, 136, 137, 139, 141, 143, 144, 145, 146, 147, 148, 151, 152, 157, 158, 159, 162, 163, 167, 168, 171, 172, 178, 179, 180, 181, 182, 183, 193, 194, 200, 201, 202, 203, 204], "summary": {"covered_lines": 80, "num_statements": 106, "percent_covered": 70.3125, "percent_covered_display": "70", "missing_lines": 26, "excluded_lines": 0, "percent_statements_covered": 75.47169811320755, "percent_statements_covered_display": "75", "num_branches": 22, "num_partial_branches": 8, "covered_branches": 10, "missing_branches": 12, "percent_branches_covered": 45.45454545454545, "percent_branches_covered_display": "45"}, "missing_lines": [20, 25, 30, 31, 37, 41, 42, 44, 48, 49, 53, 54, 55, 56, 65, 97, 98, 99, 100, 119, 120, 121, 122, 138, 140, 142], "excluded_lines": [], "start_line": 1, "executed_branches": [[19, 21], [36, 38], [39, 40], [137, 139], [139, 141], [141, 143], [143, 144], [145, 146], [202, 203], [202, 204]], "missing_branches": [[19, 20], [36, 37], [39, 41], [41, 42], [41, 44], [54, 55], [54, 56], [137, 138], [139, 140], [141, 142], [143, 145], [145, 147]]}}}, "backend\\app\\api\\routes\\audit.py": {"executed_lines": [1, 3, 5, 7, 8, 10, 13, 14, 15, 16, 19, 20, 21, 23, 26, 27, 32, 33], "summary": {"covered_lines": 18, "num_statements": 19, "percent_covered": 91.30434782608695, "percent_covered_display": "91", "missing_lines": 1, "excluded_lines": 0, "percent_statements_covered": 94.73684210526316, "percent_statements_covered_display": "95", "num_branches": 4, "num_partial_branches": 1, "covered_branches": 3, "missing_branches": 1, "percent_branches_covered": 75.0, "percent_branches_covered_display": "75"}, "missing_lines": [22], "excluded_lines": [], "executed_branches": [[14, 15], [14, 16], [21, 23]], "missing_branches": [[21, 22]], "functions": {"require_admin": {"executed_lines": [14, 15, 16], "summary": {"covered_lines": 3, "num_statements": 3, "percent_covered": 100.0, "percent_covered_display": "100", "missing_lines": 0, "excluded_lines": 0, "percent_statements_covered": 100.0, "percent_statements_covered_display": "100", "num_branches": 2, "num_partial_branches": 0, "covered_branches": 2, "missing_branches": 0, "percent_branches_covered": 100.0, "percent_branches_covered_display": "100"}, "missing_lines": [], "excluded_lines": [], "start_line": 13, "executed_branches": [[14, 15], [14, 16]], "missing_branches": []}, "organization_id": {"executed_lines": [20, 21, 23], "summary": {"covered_lines": 3, "num_statements": 4, "percent_covered": 66.66666666666667, "percent_covered_display": "67", "missing_lines": 1, "excluded_lines": 0, "percent_statements_covered": 75.0, "percent_statements_covered_display": "75", "num_branches": 2, "num_partial_branches": 1, "covered_branches": 1, "missing_branches": 1, "percent_branches_covered": 50.0, "percent_branches_covered_display": "50"}, "missing_lines": [22], "excluded_lines": [], "start_line": 19, "executed_branches": [[21, 23]], "missing_branches": [[21, 22]]}, "audit_logs": {"executed_lines": [32, 33], "summary": {"covered_lines": 2, "num_statements": 2, "percent_covered": 100.0, "percent_covered_display": "100", "missing_lines": 0, "excluded_lines": 0, "percent_statements_covered": 100.0, "percent_statements_covered_display": "100", "num_branches": 0, "num_partial_branches": 0, "covered_branches": 0, "missing_branches": 0, "percent_branches_covered": 100.0, "percent_branches_covered_display": "100"}, "missing_lines": [], "excluded_lines": [], "start_line": 27, "executed_branches": [], "missing_branches": []}, "": {"executed_lines": [1, 3, 5, 7, 8, 10, 13, 19, 26, 27], "summary": {"covered_lines": 10, "num_statements": 10, "percent_covered": 100.0, "percent_covered_display": "100", "missing_lines": 0, "excluded_lines": 0, "percent_statements_covered": 100.0, "percent_statements_covered_display": "100", "num_branches": 0, "num_partial_branches": 0, "covered_branches": 0, "missing_branches": 0, "percent_branches_covered": 100.0, "percent_branches_covered_display": "100"}, "missing_lines": [], "excluded_lines": [], "start_line": 1, "executed_branches": [], "missing_branches": []}}, "classes": {"": {"executed_lines": [1, 3, 5, 7, 8, 10, 13, 14, 15, 16, 19, 20, 21, 23, 26, 27, 32, 33], "summary": {"covered_lines": 18, "num_statements": 19, "percent_covered": 91.30434782608695, "percent_covered_display": "91", "missing_lines": 1, "excluded_lines": 0, "percent_statements_covered": 94.73684210526316, "percent_statements_covered_display": "95", "num_branches": 4, "num_partial_branches": 1, "covered_branches": 3, "missing_branches": 1, "percent_branches_covered": 75.0, "percent_branches_covered_display": "75"}, "missing_lines": [22], "excluded_lines": [], "start_line": 1, "executed_branches": [[14, 15], [14, 16], [21, 23]], "missing_branches": [[21, 22]]}}}, "backend\\app\\api\\routes\\auth.py": {"executed_lines": [1, 3, 4, 5, 6, 7, 9, 10, 11, 13, 14, 15, 16, 18, 24, 27, 29, 30, 31, 32, 34, 35, 42, 43, 46, 47, 48, 49, 52, 53, 54, 55, 56, 59, 60, 63, 66, 67, 68, 69, 70, 73, 74, 80, 81, 82, 83, 92, 93, 98, 99, 100, 101, 102, 103, 104, 105, 106, 107, 108, 111, 112, 116, 117, 118, 124, 125, 126, 128, 131, 132, 133, 156, 157, 161, 162, 163, 166, 169, 170, 175, 176, 177, 180, 181, 182], "summary": {"covered_lines": 86, "num_statements": 105, "percent_covered": 78.04878048780488, "percent_covered_display": "78", "missing_lines": 19, "excluded_lines": 0, "percent_statements_covered": 81.9047619047619, "percent_statements_covered_display": "82", "num_branches": 18, "num_partial_branches": 4, "covered_branches": 10, "missing_branches": 8, "percent_branches_covered": 55.55555555555556, "percent_branches_covered_display": "56"}, "missing_lines": [36, 127, 134, 135, 136, 138, 143, 144, 145, 146, 147, 148, 149, 150, 151, 152, 153, 164, 165], "excluded_lines": [], "executed_branches": [[35, -27], [68, 69], [68, 70], [101, 102], [101, 103], [104, 105], [104, 107], [125, 126], [132, 133], [175, 176]], "missing_branches": [[35, 36], [125, 127], [132, 134], [148, 149], [148, 150], [151, 152], [151, 153], [175, 177]], "functions": {"_check_login_rate_limit": {"executed_lines": [29, 30, 31, 32, 34, 35], "summary": {"covered_lines": 6, "num_statements": 7, "percent_covered": 77.77777777777777, "percent_covered_display": "78", "missing_lines": 1, "excluded_lines": 0, "percent_statements_covered": 85.71428571428571, "percent_statements_covered_display": "86", "num_branches": 2, "num_partial_branches": 1, "covered_branches": 1, "missing_branches": 1, "percent_branches_covered": 50.0, "percent_branches_covered_display": "50"}, "missing_lines": [36], "excluded_lines": [], "start_line": 27, "executed_branches": [[35, -27]], "missing_branches": [[35, 36]]}, "_record_login_failure": {"executed_lines": [43], "summary": {"covered_lines": 1, "num_statements": 1, "percent_covered": 100.0, "percent_covered_display": "100", "missing_lines": 0, "excluded_lines": 0, "percent_statements_covered": 100.0, "percent_statements_covered_display": "100", "num_branches": 0, "num_partial_branches": 0, "covered_branches": 0, "missing_branches": 0, "percent_branches_covered": 100.0, "percent_branches_covered_display": "100"}, "missing_lines": [], "excluded_lines": [], "start_line": 42, "executed_branches": [], "missing_branches": []}, "_normalize_email": {"executed_lines": [67, 68, 69, 70], "summary": {"covered_lines": 4, "num_statements": 4, "percent_covered": 100.0, "percent_covered_display": "100", "missing_lines": 0, "excluded_lines": 0, "percent_statements_covered": 100.0, "percent_statements_covered_display": "100", "num_branches": 2, "num_partial_branches": 0, "covered_branches": 2, "missing_branches": 0, "percent_branches_covered": 100.0, "percent_branches_covered_display": "100"}, "missing_lines": [], "excluded_lines": [], "start_line": 66, "executed_branches": [[68, 69], [68, 70]], "missing_branches": []}, "_issue_session": {"executed_lines": [74, 80, 81, 82, 83], "summary": {"covered_lines": 5, "num_statements": 5, "percent_covered": 100.0, "percent_covered_display": "100", "missing_lines": 0, "excluded_lines": 0, "percent_statements_covered": 100.0, "percent_statements_covered_display": "100", "num_branches": 0, "num_partial_branches": 0, "covered_branches": 0, "missing_branches": 0, "percent_branches_covered": 100.0, "percent_branches_covered_display": "100"}, "missing_lines": [], "excluded_lines": [], "start_line": 73, "executed_branches": [], "missing_branches": []}, "login": {"executed_lines": [98, 99, 100, 101, 102, 103, 104, 105, 106, 107, 108], "summary": {"covered_lines": 11, "num_statements": 11, "percent_covered": 100.0, "percent_covered_display": "100", "missing_lines": 0, "excluded_lines": 0, "percent_statements_covered": 100.0, "percent_statements_covered_display": "100", "num_branches": 4, "num_partial_branches": 0, "covered_branches": 4, "missing_branches": 0, "percent_branches_covered": 100.0, "percent_branches_covered_display": "100"}, "missing_lines": [], "excluded_lines": [], "start_line": 93, "executed_branches": [[101, 102], [101, 103], [104, 105], [104, 107]], "missing_branches": []}, "register": {"executed_lines": [116, 117, 118, 124, 125, 126, 128], "summary": {"covered_lines": 7, "num_statements": 8, "percent_covered": 80.0, "percent_covered_display": "80", "missing_lines": 1, "excluded_lines": 0, "percent_statements_covered": 87.5, "percent_statements_covered_display": "88", "num_branches": 2, "num_partial_branches": 1, "covered_branches": 1, "missing_branches": 1, "percent_branches_covered": 50.0, "percent_branches_covered_display": "50"}, "missing_lines": [127], "excluded_lines": [], "start_line": 112, "executed_branches": [[125, 126]], "missing_branches": [[125, 127]]}, "_verify_google_id_token": {"executed_lines": [132, 133], "summary": {"covered_lines": 2, "num_statements": 17, "percent_covered": 13.043478260869565, "percent_covered_display": "13", "missing_lines": 15, "excluded_lines": 0, "percent_statements_covered": 11.764705882352942, "percent_statements_covered_display": "12", "num_branches": 6, "num_partial_branches": 1, "covered_branches": 1, "missing_branches": 5, "percent_branches_covered": 16.666666666666668, "percent_branches_covered_display": "17"}, "missing_lines": [134, 135, 136, 138, 143, 144, 145, 146, 147, 148, 149, 150, 151, 152, 153], "excluded_lines": [], "start_line": 131, "executed_branches": [[132, 133]], "missing_branches": [[132, 134], [148, 149], [148, 150], [151, 152], [151, 153]]}, "google_login": {"executed_lines": [161, 162, 163, 166], "summary": {"covered_lines": 4, "num_statements": 6, "percent_covered": 66.66666666666667, "percent_covered_display": "67", "missing_lines": 2, "excluded_lines": 0, "percent_statements_covered": 66.66666666666667, "percent_statements_covered_display": "67", "num_branches": 0, "num_partial_branches": 0, "covered_branches": 0, "missing_branches": 0, "percent_branches_covered": 100.0, "percent_branches_covered_display": "100"}, "missing_lines": [164, 165], "excluded_lines": [], "start_line": 157, "executed_branches": [], "missing_branches": []}, "logout": {"executed_lines": [175, 176, 177], "summary": {"covered_lines": 3, "num_statements": 3, "percent_covered": 80.0, "percent_covered_display": "80", "missing_lines": 0, "excluded_lines": 0, "percent_statements_covered": 100.0, "percent_statements_covered_display": "100", "num_branches": 2, "num_partial_branches": 1, "covered_branches": 1, "missing_branches": 1, "percent_branches_covered": 50.0, "percent_branches_covered_display": "50"}, "missing_lines": [], "excluded_lines": [], "start_line": 170, "executed_branches": [[175, 176]], "missing_branches": [[175, 177]]}, "me": {"executed_lines": [182], "summary": {"covered_lines": 1, "num_statements": 1, "percent_covered": 100.0, "percent_covered_display": "100", "missing_lines": 0, "excluded_lines": 0, "percent_statements_covered": 100.0, "percent_statements_covered_display": "100", "num_branches": 0, "num_partial_branches": 0, "covered_branches": 0, "missing_branches": 0, "percent_branches_covered": 100.0, "percent_branches_covered_display": "100"}, "missing_lines": [], "excluded_lines": [], "start_line": 181, "executed_branches": [], "missing_branches": []}, "": {"executed_lines": [1, 3, 4, 5, 6, 7, 9, 10, 11, 13, 14, 15, 16, 18, 24, 27, 42, 46, 47, 48, 49, 52, 53, 54, 55, 56, 59, 60, 63, 66, 73, 92, 93, 111, 112, 131, 156, 157, 169, 170, 180, 181], "summary": {"covered_lines": 42, "num_statements": 42, "percent_covered": 100.0, "percent_covered_display": "100", "missing_lines": 0, "excluded_lines": 0, "percent_statements_covered": 100.0, "percent_statements_covered_display": "100", "num_branches": 0, "num_partial_branches": 0, "covered_branches": 0, "missing_branches": 0, "percent_branches_covered": 100.0, "percent_branches_covered_display": "100"}, "missing_lines": [], "excluded_lines": [], "start_line": 1, "executed_branches": [], "missing_branches": []}}, "classes": {"LoginRequest": {"executed_lines": [], "summary": {"covered_lines": 0, "num_statements": 0, "percent_covered": 100.0, "percent_covered_display": "100", "missing_lines": 0, "excluded_lines": 0, "percent_statements_covered": 100.0, "percent_statements_covered_display": "100", "num_branches": 0, "num_partial_branches": 0, "covered_branches": 0, "missing_branches": 0, "percent_branches_covered": 100.0, "percent_branches_covered_display": "100"}, "missing_lines": [], "excluded_lines": [], "start_line": 46, "executed_branches": [], "missing_branches": []}, "RegisterRequest": {"executed_lines": [], "summary": {"covered_lines": 0, "num_statements": 0, "percent_covered": 100.0, "percent_covered_display": "100", "missing_lines": 0, "excluded_lines": 0, "percent_statements_covered": 100.0, "percent_statements_covered_display": "100", "num_branches": 0, "num_partial_branches": 0, "covered_branches": 0, "missing_branches": 0, "percent_branches_covered": 100.0, "percent_branches_covered_display": "100"}, "missing_lines": [], "excluded_lines": [], "start_line": 52, "executed_branches": [], "missing_branches": []}, "GoogleLoginRequest": {"executed_lines": [], "summary": {"covered_lines": 0, "num_statements": 0, "percent_covered": 100.0, "percent_covered_display": "100", "missing_lines": 0, "excluded_lines": 0, "percent_statements_covered": 100.0, "percent_statements_covered_display": "100", "num_branches": 0, "num_partial_branches": 0, "covered_branches": 0, "missing_branches": 0, "percent_branches_covered": 100.0, "percent_branches_covered_display": "100"}, "missing_lines": [], "excluded_lines": [], "start_line": 59, "executed_branches": [], "missing_branches": []}, "": {"executed_lines": [1, 3, 4, 5, 6, 7, 9, 10, 11, 13, 14, 15, 16, 18, 24, 27, 29, 30, 31, 32, 34, 35, 42, 43, 46, 47, 48, 49, 52, 53, 54, 55, 56, 59, 60, 63, 66, 67, 68, 69, 70, 73, 74, 80, 81, 82, 83, 92, 93, 98, 99, 100, 101, 102, 103, 104, 105, 106, 107, 108, 111, 112, 116, 117, 118, 124, 125, 126, 128, 131, 132, 133, 156, 157, 161, 162, 163, 166, 169, 170, 175, 176, 177, 180, 181, 182], "summary": {"covered_lines": 86, "num_statements": 105, "percent_covered": 78.04878048780488, "percent_covered_display": "78", "missing_lines": 19, "excluded_lines": 0, "percent_statements_covered": 81.9047619047619, "percent_statements_covered_display": "82", "num_branches": 18, "num_partial_branches": 4, "covered_branches": 10, "missing_branches": 8, "percent_branches_covered": 55.55555555555556, "percent_branches_covered_display": "56"}, "missing_lines": [36, 127, 134, 135, 136, 138, 143, 144, 145, 146, 147, 148, 149, 150, 151, 152, 153, 164, 165], "excluded_lines": [], "start_line": 1, "executed_branches": [[35, -27], [68, 69], [68, 70], [101, 102], [101, 103], [104, 105], [104, 107], [125, 126], [132, 133], [175, 176]], "missing_branches": [[35, 36], [125, 127], [132, 134], [148, 149], [148, 150], [151, 152], [151, 153], [175, 177]]}}}, "backend\\app\\api\\routes\\billing.py": {"executed_lines": [3, 5, 6, 7, 8, 9, 10, 11, 13, 14, 16, 17, 23, 24, 25, 27, 30, 31, 32, 35, 36, 37, 38, 39, 40, 41, 42, 45, 46, 47, 48, 49, 50, 51, 52, 53, 54, 55, 56, 57, 58, 59, 62, 63, 64, 65, 68, 69, 70, 72, 75, 76, 79, 80, 81, 82, 83, 90, 91, 93, 94, 95, 100, 101, 102, 106, 107, 110, 118, 119, 121, 122, 123, 124, 125, 127, 128, 140, 141, 142, 145, 146, 149, 152, 153, 157, 160, 161, 166, 167, 168, 169, 170, 171, 172, 173, 174, 175, 176, 177, 178, 179, 186, 187, 188, 190, 191, 192, 197, 206, 207, 208, 209, 212, 213, 218, 219, 220, 221, 224, 225, 226, 227, 237, 238, 239, 240, 241, 243, 246, 247, 253, 255, 257, 258, 259, 260, 261, 262, 263, 264, 265, 267, 268, 271, 272, 274, 275, 286, 289, 290, 294, 295, 296, 297, 298, 299, 301, 302, 303, 306, 308, 315, 318, 319, 323, 324, 325, 326, 327, 328, 329, 330, 331, 332, 333, 336, 343], "summary": {"covered_lines": 178, "num_statements": 211, "percent_covered": 81.36882129277566, "percent_covered_display": "81", "missing_lines": 33, "excluded_lines": 0, "percent_statements_covered": 84.36018957345972, "percent_statements_covered_display": "84", "num_branches": 52, "num_partial_branches": 16, "covered_branches": 36, "missing_branches": 16, "percent_branches_covered": 69.23076923076923, "percent_branches_covered_display": "69"}, "missing_lines": [71, 84, 92, 96, 97, 120, 126, 135, 136, 137, 189, 203, 204, 205, 228, 229, 242, 254, 256, 266, 269, 270, 273, 282, 283, 284, 285, 300, 304, 305, 307, 334, 335], "excluded_lines": [], "executed_branches": [[70, 72], [82, 83], [91, 93], [119, 121], [121, 122], [121, 123], [123, 124], [125, 127], [166, 167], [166, 168], [172, 173], [172, 174], [187, 188], [206, 207], [206, 208], [219, 220], [219, 221], [226, 227], [241, 243], [253, 255], [255, 257], [259, 260], [259, 261], [261, 262], [261, 263], [263, 264], [265, 267], [272, 274], [295, 296], [295, 297], [299, 301], [306, 308], [324, 325], [324, 326], [327, 328], [327, 329]], "missing_branches": [[70, 71], [82, 84], [91, 92], [119, 120], [123, 127], [125, 126], [187, 189], [226, 228], [241, 242], [253, 254], [255, 256], [263, 267], [265, 266], [272, 273], [299, 300], [306, 307]], "functions": {"_organization_id": {"executed_lines": [69, 70, 72], "summary": {"covered_lines": 3, "num_statements": 4, "percent_covered": 66.66666666666667, "percent_covered_display": "67", "missing_lines": 1, "excluded_lines": 0, "percent_statements_covered": 75.0, "percent_statements_covered_display": "75", "num_branches": 2, "num_partial_branches": 1, "covered_branches": 1, "missing_branches": 1, "percent_branches_covered": 50.0, "percent_branches_covered_display": "50"}, "missing_lines": [71], "excluded_lines": [], "start_line": 68, "executed_branches": [[70, 72]], "missing_branches": [[70, 71]]}, "_build_payment_provider": {"executed_lines": [76], "summary": {"covered_lines": 1, "num_statements": 1, "percent_covered": 100.0, "percent_covered_display": "100", "missing_lines": 0, "excluded_lines": 0, "percent_statements_covered": 100.0, "percent_statements_covered_display": "100", "num_branches": 0, "num_partial_branches": 0, "covered_branches": 0, "missing_branches": 0, "percent_branches_covered": 100.0, "percent_branches_covered_display": "100"}, "missing_lines": [], "excluded_lines": [], "start_line": 75, "executed_branches": [], "missing_branches": []}, "_qr_url": {"executed_lines": [80, 81, 82, 83], "summary": {"covered_lines": 4, "num_statements": 5, "percent_covered": 71.42857142857143, "percent_covered_display": "71", "missing_lines": 1, "excluded_lines": 0, "percent_statements_covered": 80.0, "percent_statements_covered_display": "80", "num_branches": 2, "num_partial_branches": 1, "covered_branches": 1, "missing_branches": 1, "percent_branches_covered": 50.0, "percent_branches_covered_display": "50"}, "missing_lines": [84], "excluded_lines": [], "start_line": 79, "executed_branches": [[82, 83]], "missing_branches": [[82, 84]]}, "_parse_datetime": {"executed_lines": [91, 93, 94, 95], "summary": {"covered_lines": 4, "num_statements": 7, "percent_covered": 55.55555555555556, "percent_covered_display": "56", "missing_lines": 3, "excluded_lines": 0, "percent_statements_covered": 57.142857142857146, "percent_statements_covered_display": "57", "num_branches": 2, "num_partial_branches": 1, "covered_branches": 1, "missing_branches": 1, "percent_branches_covered": 50.0, "percent_branches_covered_display": "50"}, "missing_lines": [92, 96, 97], "excluded_lines": [], "start_line": 90, "executed_branches": [[91, 93]], "missing_branches": [[91, 92]]}, "_payment_public": {"executed_lines": [101, 102, 106, 107], "summary": {"covered_lines": 4, "num_statements": 4, "percent_covered": 100.0, "percent_covered_display": "100", "missing_lines": 0, "excluded_lines": 0, "percent_statements_covered": 100.0, "percent_statements_covered_display": "100", "num_branches": 0, "num_partial_branches": 0, "covered_branches": 0, "missing_branches": 0, "percent_branches_covered": 100.0, "percent_branches_covered_display": "100"}, "missing_lines": [], "excluded_lines": [], "start_line": 100, "executed_branches": [], "missing_branches": []}, "_complete_callback_payment": {"executed_lines": [118, 119, 121, 122, 123, 124, 125, 127, 128], "summary": {"covered_lines": 9, "num_statements": 14, "percent_covered": 63.63636363636363, "percent_covered_display": "64", "missing_lines": 5, "excluded_lines": 0, "percent_statements_covered": 64.28571428571429, "percent_statements_covered_display": "64", "num_branches": 8, "num_partial_branches": 3, "covered_branches": 5, "missing_branches": 3, "percent_branches_covered": 62.5, "percent_branches_covered_display": "62"}, "missing_lines": [120, 126, 135, 136, 137], "excluded_lines": [], "start_line": 110, "executed_branches": [[119, 121], [121, 122], [121, 123], [123, 124], [125, 127]], "missing_branches": [[119, 120], [123, 127], [125, 126]]}, "plans": {"executed_lines": [142], "summary": {"covered_lines": 1, "num_statements": 1, "percent_covered": 100.0, "percent_covered_display": "100", "missing_lines": 0, "excluded_lines": 0, "percent_statements_covered": 100.0, "percent_statements_covered_display": "100", "num_branches": 0, "num_partial_branches": 0, "covered_branches": 0, "missing_branches": 0, "percent_branches_covered": 100.0, "percent_branches_covered_display": "100"}, "missing_lines": [], "excluded_lines": [], "start_line": 141, "executed_branches": [], "missing_branches": []}, "payment_methods": {"executed_lines": [149], "summary": {"covered_lines": 1, "num_statements": 1, "percent_covered": 100.0, "percent_covered_display": "100", "missing_lines": 0, "excluded_lines": 0, "percent_statements_covered": 100.0, "percent_statements_covered_display": "100", "num_branches": 0, "num_partial_branches": 0, "covered_branches": 0, "missing_branches": 0, "percent_branches_covered": 100.0, "percent_branches_covered_display": "100"}, "missing_lines": [], "excluded_lines": [], "start_line": 146, "executed_branches": [], "missing_branches": []}, "billing_me": {"executed_lines": [157], "summary": {"covered_lines": 1, "num_statements": 1, "percent_covered": 100.0, "percent_covered_display": "100", "missing_lines": 0, "excluded_lines": 0, "percent_statements_covered": 100.0, "percent_statements_covered_display": "100", "num_branches": 0, "num_partial_branches": 0, "covered_branches": 0, "missing_branches": 0, "percent_branches_covered": 100.0, "percent_branches_covered_display": "100"}, "missing_lines": [], "excluded_lines": [], "start_line": 153, "executed_branches": [], "missing_branches": []}, "checkout": {"executed_lines": [166, 167, 168, 169, 170, 171, 172, 173, 174, 175, 176, 177, 178, 179, 186, 187, 188, 190, 191, 192, 197, 206, 207, 208, 209], "summary": {"covered_lines": 25, "num_statements": 29, "percent_covered": 86.48648648648648, "percent_covered_display": "86", "missing_lines": 4, "excluded_lines": 0, "percent_statements_covered": 86.20689655172414, "percent_statements_covered_display": "86", "num_branches": 8, "num_partial_branches": 1, "covered_branches": 7, "missing_branches": 1, "percent_branches_covered": 87.5, "percent_branches_covered_display": "88"}, "missing_lines": [189, 203, 204, 205], "excluded_lines": [], "start_line": 161, "executed_branches": [[166, 167], [166, 168], [172, 173], [172, 174], [187, 188], [206, 207], [206, 208]], "missing_branches": [[187, 189]]}, "payment_status": {"executed_lines": [218, 219, 220, 221], "summary": {"covered_lines": 4, "num_statements": 4, "percent_covered": 100.0, "percent_covered_display": "100", "missing_lines": 0, "excluded_lines": 0, "percent_statements_covered": 100.0, "percent_statements_covered_display": "100", "num_branches": 2, "num_partial_branches": 0, "covered_branches": 2, "missing_branches": 0, "percent_branches_covered": 100.0, "percent_branches_covered_display": "100"}, "missing_lines": [], "excluded_lines": [], "start_line": 213, "executed_branches": [[219, 220], [219, 221]], "missing_branches": []}, "_authorized_webhook": {"executed_lines": [225, 226, 227], "summary": {"covered_lines": 3, "num_statements": 5, "percent_covered": 57.142857142857146, "percent_covered_display": "57", "missing_lines": 2, "excluded_lines": 0, "percent_statements_covered": 60.0, "percent_statements_covered_display": "60", "num_branches": 2, "num_partial_branches": 1, "covered_branches": 1, "missing_branches": 1, "percent_branches_covered": 50.0, "percent_branches_covered_display": "50"}, "missing_lines": [228, 229], "excluded_lines": [], "start_line": 224, "executed_branches": [[226, 227]], "missing_branches": [[226, 228]]}, "_order_from_webhook": {"executed_lines": [238, 239, 240, 241, 243], "summary": {"covered_lines": 5, "num_statements": 6, "percent_covered": 75.0, "percent_covered_display": "75", "missing_lines": 1, "excluded_lines": 0, "percent_statements_covered": 83.33333333333333, "percent_statements_covered_display": "83", "num_branches": 2, "num_partial_branches": 1, "covered_branches": 1, "missing_branches": 1, "percent_branches_covered": 50.0, "percent_branches_covered_display": "50"}, "missing_lines": [242], "excluded_lines": [], "start_line": 237, "executed_branches": [[241, 243]], "missing_branches": [[241, 242]]}, "sepay_webhook": {"executed_lines": [253, 255, 257, 258, 259, 260, 261, 262, 263, 264, 265, 267, 268, 271, 272, 274, 275, 286], "summary": {"covered_lines": 18, "num_statements": 28, "percent_covered": 64.28571428571429, "percent_covered_display": "64", "missing_lines": 10, "excluded_lines": 0, "percent_statements_covered": 64.28571428571429, "percent_statements_covered_display": "64", "num_branches": 14, "num_partial_branches": 5, "covered_branches": 9, "missing_branches": 5, "percent_branches_covered": 64.28571428571429, "percent_branches_covered_display": "64"}, "missing_lines": [254, 256, 266, 269, 270, 273, 282, 283, 284, 285], "excluded_lines": [], "start_line": 247, "executed_branches": [[253, 255], [255, 257], [259, 260], [259, 261], [261, 262], [261, 263], [263, 264], [265, 267], [272, 274]], "missing_branches": [[253, 254], [255, 256], [263, 267], [265, 266], [272, 273]]}, "momo_webhook": {"executed_lines": [294, 295, 296, 297, 298, 299, 301, 302, 303, 306, 308, 315], "summary": {"covered_lines": 12, "num_statements": 16, "percent_covered": 72.72727272727273, "percent_covered_display": "73", "missing_lines": 4, "excluded_lines": 0, "percent_statements_covered": 75.0, "percent_statements_covered_display": "75", "num_branches": 6, "num_partial_branches": 2, "covered_branches": 4, "missing_branches": 2, "percent_branches_covered": 66.66666666666667, "percent_branches_covered_display": "67"}, "missing_lines": [300, 304, 305, 307], "excluded_lines": [], "start_line": 290, "executed_branches": [[295, 296], [295, 297], [299, 301], [306, 308]], "missing_branches": [[299, 300], [306, 307]]}, "zalopay_webhook": {"executed_lines": [323, 324, 325, 326, 327, 328, 329, 330, 331, 332, 333, 336, 343], "summary": {"covered_lines": 13, "num_statements": 15, "percent_covered": 89.47368421052632, "percent_covered_display": "89", "missing_lines": 2, "excluded_lines": 0, "percent_statements_covered": 86.66666666666667, "percent_statements_covered_display": "87", "num_branches": 4, "num_partial_branches": 0, "covered_branches": 4, "missing_branches": 0, "percent_branches_covered": 100.0, "percent_branches_covered_display": "100"}, "missing_lines": [334, 335], "excluded_lines": [], "start_line": 319, "executed_branches": [[324, 325], [324, 326], [327, 328], [327, 329]], "missing_branches": []}, "": {"executed_lines": [3, 5, 6, 7, 8, 9, 10, 11, 13, 14, 16, 17, 23, 24, 25, 27, 30, 31, 32, 35, 36, 37, 38, 39, 40, 41, 42, 45, 46, 47, 48, 49, 50, 51, 52, 53, 54, 55, 56, 57, 58, 59, 62, 63, 64, 65, 68, 75, 79, 90, 100, 110, 140, 141, 145, 146, 152, 153, 160, 161, 212, 213, 224, 237, 246, 247, 289, 290, 318, 319], "summary": {"covered_lines": 70, "num_statements": 70, "percent_covered": 100.0, "percent_covered_display": "100", "missing_lines": 0, "excluded_lines": 0, "percent_statements_covered": 100.0, "percent_statements_covered_display": "100", "num_branches": 0, "num_partial_branches": 0, "covered_branches": 0, "missing_branches": 0, "percent_branches_covered": 100.0, "percent_branches_covered_display": "100"}, "missing_lines": [], "excluded_lines": [], "start_line": 1, "executed_branches": [], "missing_branches": []}}, "classes": {"CheckoutRequest": {"executed_lines": [], "summary": {"covered_lines": 0, "num_statements": 0, "percent_covered": 100.0, "percent_covered_display": "100", "missing_lines": 0, "excluded_lines": 0, "percent_statements_covered": 100.0, "percent_statements_covered_display": "100", "num_branches": 0, "num_partial_branches": 0, "covered_branches": 0, "missing_branches": 0, "percent_branches_covered": 100.0, "percent_branches_covered_display": "100"}, "missing_lines": [], "excluded_lines": [], "start_line": 30, "executed_branches": [], "missing_branches": []}, "SePayWebhook": {"executed_lines": [], "summary": {"covered_lines": 0, "num_statements": 0, "percent_covered": 100.0, "percent_covered_display": "100", "missing_lines": 0, "excluded_lines": 0, "percent_statements_covered": 100.0, "percent_statements_covered_display": "100", "num_branches": 0, "num_partial_branches": 0, "covered_branches": 0, "missing_branches": 0, "percent_branches_covered": 100.0, "percent_branches_covered_display": "100"}, "missing_lines": [], "excluded_lines": [], "start_line": 35, "executed_branches": [], "missing_branches": []}, "MomoWebhook": {"executed_lines": [], "summary": {"covered_lines": 0, "num_statements": 0, "percent_covered": 100.0, "percent_covered_display": "100", "missing_lines": 0, "excluded_lines": 0, "percent_statements_covered": 100.0, "percent_statements_covered_display": "100", "num_branches": 0, "num_partial_branches": 0, "covered_branches": 0, "missing_branches": 0, "percent_branches_covered": 100.0, "percent_branches_covered_display": "100"}, "missing_lines": [], "excluded_lines": [], "start_line": 45, "executed_branches": [], "missing_branches": []}, "ZaloPayWebhook": {"executed_lines": [], "summary": {"covered_lines": 0, "num_statements": 0, "percent_covered": 100.0, "percent_covered_display": "100", "missing_lines": 0, "excluded_lines": 0, "percent_statements_covered": 100.0, "percent_statements_covered_display": "100", "num_branches": 0, "num_partial_branches": 0, "covered_branches": 0, "missing_branches": 0, "percent_branches_covered": 100.0, "percent_branches_covered_display": "100"}, "missing_lines": [], "excluded_lines": [], "start_line": 62, "executed_branches": [], "missing_branches": []}, "": {"executed_lines": [3, 5, 6, 7, 8, 9, 10, 11, 13, 14, 16, 17, 23, 24, 25, 27, 30, 31, 32, 35, 36, 37, 38, 39, 40, 41, 42, 45, 46, 47, 48, 49, 50, 51, 52, 53, 54, 55, 56, 57, 58, 59, 62, 63, 64, 65, 68, 69, 70, 72, 75, 76, 79, 80, 81, 82, 83, 90, 91, 93, 94, 95, 100, 101, 102, 106, 107, 110, 118, 119, 121, 122, 123, 124, 125, 127, 128, 140, 141, 142, 145, 146, 149, 152, 153, 157, 160, 161, 166, 167, 168, 169, 170, 171, 172, 173, 174, 175, 176, 177, 178, 179, 186, 187, 188, 190, 191, 192, 197, 206, 207, 208, 209, 212, 213, 218, 219, 220, 221, 224, 225, 226, 227, 237, 238, 239, 240, 241, 243, 246, 247, 253, 255, 257, 258, 259, 260, 261, 262, 263, 264, 265, 267, 268, 271, 272, 274, 275, 286, 289, 290, 294, 295, 296, 297, 298, 299, 301, 302, 303, 306, 308, 315, 318, 319, 323, 324, 325, 326, 327, 328, 329, 330, 331, 332, 333, 336, 343], "summary": {"covered_lines": 178, "num_statements": 211, "percent_covered": 81.36882129277566, "percent_covered_display": "81", "missing_lines": 33, "excluded_lines": 0, "percent_statements_covered": 84.36018957345972, "percent_statements_covered_display": "84", "num_branches": 52, "num_partial_branches": 16, "covered_branches": 36, "missing_branches": 16, "percent_branches_covered": 69.23076923076923, "percent_branches_covered_display": "69"}, "missing_lines": [71, 84, 92, 96, 97, 120, 126, 135, 136, 137, 189, 203, 204, 205, 228, 229, 242, 254, 256, 266, 269, 270, 273, 282, 283, 284, 285, 300, 304, 305, 307, 334, 335], "excluded_lines": [], "start_line": 1, "executed_branches": [[70, 72], [82, 83], [91, 93], [119, 121], [121, 122], [121, 123], [123, 124], [125, 127], [166, 167], [166, 168], [172, 173], [172, 174], [187, 188], [206, 207], [206, 208], [219, 220], [219, 221], [226, 227], [241, 243], [253, 255], [255, 257], [259, 260], [259, 261], [261, 262], [261, 263], [263, 264], [265, 267], [272, 274], [295, 296], [295, 297], [299, 301], [306, 308], [324, 325], [324, 326], [327, 328], [327, 329]], "missing_branches": [[70, 71], [82, 84], [91, 92], [119, 120], [123, 127], [125, 126], [187, 189], [226, 228], [241, 242], [253, 254], [255, 256], [263, 267], [265, 266], [272, 273], [299, 300], [306, 307]]}}}, "backend\\app\\api\\routes\\cameras.py": {"executed_lines": [1, 3, 4, 5, 6, 8, 9, 11, 12, 13, 14, 15, 17, 20, 21, 22, 24, 27, 48, 49, 57, 58, 59, 62, 64, 65, 66, 67, 68, 69, 70, 71, 72, 73, 76, 77, 78, 81, 85, 86, 88, 93, 94, 99, 102, 103, 106, 107, 110, 111, 115, 118, 119, 124, 125, 126, 127, 128, 136, 143, 144, 150, 151, 154, 155, 156, 167, 168, 169, 170, 171, 172, 173, 175, 176, 177, 178, 179, 182, 183, 189, 190, 192, 193, 196, 197, 203, 204, 205, 206, 207, 208, 209, 212, 213, 219, 220, 222, 225, 226, 232, 233, 234, 237, 238, 244, 246, 247, 249, 252, 253, 259, 261, 262, 264, 267, 268, 274, 275, 277], "summary": {"covered_lines": 120, "num_statements": 138, "percent_covered": 83.88888888888889, "percent_covered_display": "84", "missing_lines": 18, "excluded_lines": 0, "percent_statements_covered": 86.95652173913044, "percent_statements_covered_display": "87", "num_branches": 42, "num_partial_branches": 11, "covered_branches": 31, "missing_branches": 11, "percent_branches_covered": 73.80952380952381, "percent_branches_covered_display": "74"}, "missing_lines": [23, 74, 75, 87, 134, 135, 163, 164, 165, 166, 174, 191, 221, 245, 248, 260, 263, 276], "excluded_lines": [], "executed_branches": [[22, 24], [64, 65], [64, 73], [66, 67], [66, 72], [67, 68], [67, 69], [70, 66], [70, 71], [73, 76], [76, 77], [76, 78], [86, 88], [154, 155], [154, 175], [173, 175], [175, 176], [175, 177], [190, 192], [204, 205], [204, 206], [207, 208], [207, 209], [220, 222], [232, 233], [232, 234], [244, 246], [247, 249], [259, 261], [262, 264], [275, 277]], "missing_branches": [[22, 23], [73, 74], [86, 87], [173, 174], [190, 191], [220, 221], [244, 245], [247, 248], [259, 260], [262, 263], [275, 276]], "functions": {"_organization_id": {"executed_lines": [21, 22, 24], "summary": {"covered_lines": 3, "num_statements": 4, "percent_covered": 66.66666666666667, "percent_covered_display": "67", "missing_lines": 1, "excluded_lines": 0, "percent_statements_covered": 75.0, "percent_statements_covered_display": "75", "num_branches": 2, "num_partial_branches": 1, "covered_branches": 1, "missing_branches": 1, "percent_branches_covered": 50.0, "percent_branches_covered_display": "50"}, "missing_lines": [23], "excluded_lines": [], "start_line": 20, "executed_branches": [[22, 24]], "missing_branches": [[22, 23]]}, "_camera_key_is_hidden": {"executed_lines": [58, 59], "summary": {"covered_lines": 2, "num_statements": 2, "percent_covered": 100.0, "percent_covered_display": "100", "missing_lines": 0, "excluded_lines": 0, "percent_statements_covered": 100.0, "percent_statements_covered_display": "100", "num_branches": 0, "num_partial_branches": 0, "covered_branches": 0, "missing_branches": 0, "percent_branches_covered": 100.0, "percent_branches_covered_display": "100"}, "missing_lines": [], "excluded_lines": [], "start_line": 57, "executed_branches": [], "missing_branches": []}, "_safe_camera_value": {"executed_lines": [64, 65, 66, 67, 68, 69, 70, 71, 72, 73, 76, 77, 78], "summary": {"covered_lines": 13, "num_statements": 15, "percent_covered": 88.88888888888889, "percent_covered_display": "89", "missing_lines": 2, "excluded_lines": 0, "percent_statements_covered": 86.66666666666667, "percent_statements_covered_display": "87", "num_branches": 12, "num_partial_branches": 1, "covered_branches": 11, "missing_branches": 1, "percent_branches_covered": 91.66666666666667, "percent_branches_covered_display": "92"}, "missing_lines": [74, 75], "excluded_lines": [], "start_line": 62, "executed_branches": [[64, 65], [64, 73], [66, 67], [66, 72], [67, 68], [67, 69], [70, 66], [70, 71], [73, 76], [76, 77], [76, 78]], "missing_branches": [[73, 74]]}, "public_camera": {"executed_lines": [85, 86, 88, 93, 94, 99], "summary": {"covered_lines": 6, "num_statements": 7, "percent_covered": 77.77777777777777, "percent_covered_display": "78", "missing_lines": 1, "excluded_lines": 0, "percent_statements_covered": 85.71428571428571, "percent_statements_covered_display": "86", "num_branches": 2, "num_partial_branches": 1, "covered_branches": 1, "missing_branches": 1, "percent_branches_covered": 50.0, "percent_branches_covered_display": "50"}, "missing_lines": [87], "excluded_lines": [], "start_line": 81, "executed_branches": [[86, 88]], "missing_branches": [[86, 87]]}, "get_manager": {"executed_lines": [103], "summary": {"covered_lines": 1, "num_statements": 1, "percent_covered": 100.0, "percent_covered_display": "100", "missing_lines": 0, "excluded_lines": 0, "percent_statements_covered": 100.0, "percent_statements_covered_display": "100", "num_branches": 0, "num_partial_branches": 0, "covered_branches": 0, "missing_branches": 0, "percent_branches_covered": 100.0, "percent_branches_covered_display": "100"}, "missing_lines": [], "excluded_lines": [], "start_line": 102, "executed_branches": [], "missing_branches": []}, "get_discovery": {"executed_lines": [107], "summary": {"covered_lines": 1, "num_statements": 1, "percent_covered": 100.0, "percent_covered_display": "100", "missing_lines": 0, "excluded_lines": 0, "percent_statements_covered": 100.0, "percent_statements_covered_display": "100", "num_branches": 0, "num_partial_branches": 0, "covered_branches": 0, "missing_branches": 0, "percent_branches_covered": 100.0, "percent_branches_covered_display": "100"}, "missing_lines": [], "excluded_lines": [], "start_line": 106, "executed_branches": [], "missing_branches": []}, "list_cameras": {"executed_lines": [115], "summary": {"covered_lines": 1, "num_statements": 1, "percent_covered": 100.0, "percent_covered_display": "100", "missing_lines": 0, "excluded_lines": 0, "percent_statements_covered": 100.0, "percent_statements_covered_display": "100", "num_branches": 0, "num_partial_branches": 0, "covered_branches": 0, "missing_branches": 0, "percent_branches_covered": 100.0, "percent_branches_covered_display": "100"}, "missing_lines": [], "excluded_lines": [], "start_line": 111, "executed_branches": [], "missing_branches": []}, "discover_cameras": {"executed_lines": [124, 125, 126, 127, 128, 136], "summary": {"covered_lines": 6, "num_statements": 8, "percent_covered": 75.0, "percent_covered_display": "75", "missing_lines": 2, "excluded_lines": 0, "percent_statements_covered": 75.0, "percent_statements_covered_display": "75", "num_branches": 0, "num_partial_branches": 0, "covered_branches": 0, "missing_branches": 0, "percent_branches_covered": 100.0, "percent_branches_covered_display": "100"}, "missing_lines": [134, 135], "excluded_lines": [], "start_line": 119, "executed_branches": [], "missing_branches": []}, "save_camera": {"executed_lines": [150, 151, 154, 155, 156, 167, 168, 169, 170, 171, 172, 173, 175, 176, 177, 178, 179], "summary": {"covered_lines": 17, "num_statements": 22, "percent_covered": 78.57142857142857, "percent_covered_display": "79", "missing_lines": 5, "excluded_lines": 0, "percent_statements_covered": 77.27272727272727, "percent_statements_covered_display": "77", "num_branches": 6, "num_partial_branches": 1, "covered_branches": 5, "missing_branches": 1, "percent_branches_covered": 83.33333333333333, "percent_branches_covered_display": "83"}, "missing_lines": [163, 164, 165, 166, 174], "excluded_lines": [], "start_line": 144, "executed_branches": [[154, 155], [154, 175], [173, 175], [175, 176], [175, 177]], "missing_branches": [[173, 174]]}, "delete_camera": {"executed_lines": [189, 190, 192, 193], "summary": {"covered_lines": 4, "num_statements": 5, "percent_covered": 71.42857142857143, "percent_covered_display": "71", "missing_lines": 1, "excluded_lines": 0, "percent_statements_covered": 80.0, "percent_statements_covered_display": "80", "num_branches": 2, "num_partial_branches": 1, "covered_branches": 1, "missing_branches": 1, "percent_branches_covered": 50.0, "percent_branches_covered_display": "50"}, "missing_lines": [191], "excluded_lines": [], "start_line": 183, "executed_branches": [[190, 192]], "missing_branches": [[190, 191]]}, "start_camera": {"executed_lines": [203, 204, 205, 206, 207, 208, 209], "summary": {"covered_lines": 7, "num_statements": 7, "percent_covered": 100.0, "percent_covered_display": "100", "missing_lines": 0, "excluded_lines": 0, "percent_statements_covered": 100.0, "percent_statements_covered_display": "100", "num_branches": 4, "num_partial_branches": 0, "covered_branches": 4, "missing_branches": 0, "percent_branches_covered": 100.0, "percent_branches_covered_display": "100"}, "missing_lines": [], "excluded_lines": [], "start_line": 197, "executed_branches": [[204, 205], [204, 206], [207, 208], [207, 209]], "missing_branches": []}, "stop_camera": {"executed_lines": [219, 220, 222], "summary": {"covered_lines": 3, "num_statements": 4, "percent_covered": 66.66666666666667, "percent_covered_display": "67", "missing_lines": 1, "excluded_lines": 0, "percent_statements_covered": 75.0, "percent_statements_covered_display": "75", "num_branches": 2, "num_partial_branches": 1, "covered_branches": 1, "missing_branches": 1, "percent_branches_covered": 50.0, "percent_branches_covered_display": "50"}, "missing_lines": [221], "excluded_lines": [], "start_line": 213, "executed_branches": [[220, 222]], "missing_branches": [[220, 221]]}, "camera_status": {"executed_lines": [232, 233, 234], "summary": {"covered_lines": 3, "num_statements": 3, "percent_covered": 100.0, "percent_covered_display": "100", "missing_lines": 0, "excluded_lines": 0, "percent_statements_covered": 100.0, "percent_statements_covered_display": "100", "num_branches": 2, "num_partial_branches": 0, "covered_branches": 2, "missing_branches": 0, "percent_branches_covered": 100.0, "percent_branches_covered_display": "100"}, "missing_lines": [], "excluded_lines": [], "start_line": 226, "executed_branches": [[232, 233], [232, 234]], "missing_branches": []}, "camera_snapshot": {"executed_lines": [244, 246, 247, 249], "summary": {"covered_lines": 4, "num_statements": 6, "percent_covered": 60.0, "percent_covered_display": "60", "missing_lines": 2, "excluded_lines": 0, "percent_statements_covered": 66.66666666666667, "percent_statements_covered_display": "67", "num_branches": 4, "num_partial_branches": 2, "covered_branches": 2, "missing_branches": 2, "percent_branches_covered": 50.0, "percent_branches_covered_display": "50"}, "missing_lines": [245, 248], "excluded_lines": [], "start_line": 238, "executed_branches": [[244, 246], [247, 249]], "missing_branches": [[244, 245], [247, 248]]}, "camera_stream": {"executed_lines": [259, 261, 262, 264], "summary": {"covered_lines": 4, "num_statements": 6, "percent_covered": 60.0, "percent_covered_display": "60", "missing_lines": 2, "excluded_lines": 0, "percent_statements_covered": 66.66666666666667, "percent_statements_covered_display": "67", "num_branches": 4, "num_partial_branches": 2, "covered_branches": 2, "missing_branches": 2, "percent_branches_covered": 50.0, "percent_branches_covered_display": "50"}, "missing_lines": [260, 263], "excluded_lines": [], "start_line": 253, "executed_branches": [[259, 261], [262, 264]], "missing_branches": [[259, 260], [262, 263]]}, "speak_camera": {"executed_lines": [274, 275, 277], "summary": {"covered_lines": 3, "num_statements": 4, "percent_covered": 66.66666666666667, "percent_covered_display": "67", "missing_lines": 1, "excluded_lines": 0, "percent_statements_covered": 75.0, "percent_statements_covered_display": "75", "num_branches": 2, "num_partial_branches": 1, "covered_branches": 1, "missing_branches": 1, "percent_branches_covered": 50.0, "percent_branches_covered_display": "50"}, "missing_lines": [276], "excluded_lines": [], "start_line": 268, "executed_branches": [[275, 277]], "missing_branches": [[275, 276]]}, "": {"executed_lines": [1, 3, 4, 5, 6, 8, 9, 11, 12, 13, 14, 15, 17, 20, 27, 48, 49, 57, 62, 81, 102, 106, 110, 111, 118, 119, 143, 144, 182, 183, 196, 197, 212, 213, 225, 226, 237, 238, 252, 253, 267, 268], "summary": {"covered_lines": 42, "num_statements": 42, "percent_covered": 100.0, "percent_covered_display": "100", "missing_lines": 0, "excluded_lines": 0, "percent_statements_covered": 100.0, "percent_statements_covered_display": "100", "num_branches": 0, "num_partial_branches": 0, "covered_branches": 0, "missing_branches": 0, "percent_branches_covered": 100.0, "percent_branches_covered_display": "100"}, "missing_lines": [], "excluded_lines": [], "start_line": 1, "executed_branches": [], "missing_branches": []}}, "classes": {"": {"executed_lines": [1, 3, 4, 5, 6, 8, 9, 11, 12, 13, 14, 15, 17, 20, 21, 22, 24, 27, 48, 49, 57, 58, 59, 62, 64, 65, 66, 67, 68, 69, 70, 71, 72, 73, 76, 77, 78, 81, 85, 86, 88, 93, 94, 99, 102, 103, 106, 107, 110, 111, 115, 118, 119, 124, 125, 126, 127, 128, 136, 143, 144, 150, 151, 154, 155, 156, 167, 168, 169, 170, 171, 172, 173, 175, 176, 177, 178, 179, 182, 183, 189, 190, 192, 193, 196, 197, 203, 204, 205, 206, 207, 208, 209, 212, 213, 219, 220, 222, 225, 226, 232, 233, 234, 237, 238, 244, 246, 247, 249, 252, 253, 259, 261, 262, 264, 267, 268, 274, 275, 277], "summary": {"covered_lines": 120, "num_statements": 138, "percent_covered": 83.88888888888889, "percent_covered_display": "84", "missing_lines": 18, "excluded_lines": 0, "percent_statements_covered": 86.95652173913044, "percent_statements_covered_display": "87", "num_branches": 42, "num_partial_branches": 11, "covered_branches": 31, "missing_branches": 11, "percent_branches_covered": 73.80952380952381, "percent_branches_covered_display": "74"}, "missing_lines": [23, 74, 75, 87, 134, 135, 163, 164, 165, 166, 174, 191, 221, 245, 248, 260, 263, 276], "excluded_lines": [], "start_line": 1, "executed_branches": [[22, 24], [64, 65], [64, 73], [66, 67], [66, 72], [67, 68], [67, 69], [70, 66], [70, 71], [73, 76], [76, 77], [76, 78], [86, 88], [154, 155], [154, 175], [173, 175], [175, 176], [175, 177], [190, 192], [204, 205], [204, 206], [207, 208], [207, 209], [220, 222], [232, 233], [232, 234], [244, 246], [247, 249], [259, 261], [262, 264], [275, 277]], "missing_branches": [[22, 23], [73, 74], [86, 87], [173, 174], [190, 191], [220, 221], [244, 245], [247, 248], [259, 260], [262, 263], [275, 276]]}}}, "backend\\app\\api\\routes\\employees.py": {"executed_lines": [1, 3, 4, 6, 8, 9, 10, 11, 12, 13, 15, 18, 19, 20, 22, 25, 26, 27, 30, 31, 36, 37, 40, 41, 46, 47, 48, 49, 52, 53, 58, 59, 60, 61, 62, 63, 64, 65, 66, 69, 70, 76, 77, 78, 79, 80, 81, 84, 85, 91, 92, 93, 94, 95, 96, 98, 99, 102, 104, 107, 108, 109, 110, 112, 113, 114, 116, 123, 124, 125, 127, 128, 136, 139, 140, 145, 146, 147, 148, 149, 150, 153, 154, 158, 159, 160, 161, 162, 163, 164, 165, 168, 177, 178, 183, 184, 185, 186, 187, 188, 191, 194, 195, 200, 201, 202, 203, 204, 205], "summary": {"covered_lines": 109, "num_statements": 123, "percent_covered": 85.35031847133757, "percent_covered_display": "85", "missing_lines": 14, "excluded_lines": 0, "percent_statements_covered": 88.6178861788618, "percent_statements_covered_display": "89", "num_branches": 34, "num_partial_branches": 9, "covered_branches": 25, "missing_branches": 9, "percent_branches_covered": 73.52941176470588, "percent_branches_covered_display": "74"}, "missing_lines": [21, 97, 100, 101, 103, 111, 115, 126, 134, 135, 166, 167, 189, 190], "excluded_lines": [], "executed_branches": [[20, 22], [47, 48], [47, 49], [61, 62], [63, 64], [63, 65], [78, 79], [78, 80], [96, 98], [102, 104], [108, 109], [108, 123], [110, 112], [114, 116], [123, 124], [125, 127], [147, 148], [147, 149], [159, 160], [159, 161], [162, 163], [185, 186], [185, 187], [202, 203], [202, 204]], "missing_branches": [[20, 21], [61, 65], [96, 97], [102, 103], [110, 111], [114, 115], [123, 127], [125, 126], [162, 164]], "functions": {"_organization_id": {"executed_lines": [19, 20, 22], "summary": {"covered_lines": 3, "num_statements": 4, "percent_covered": 66.66666666666667, "percent_covered_display": "67", "missing_lines": 1, "excluded_lines": 0, "percent_statements_covered": 75.0, "percent_statements_covered_display": "75", "num_branches": 2, "num_partial_branches": 1, "covered_branches": 1, "missing_branches": 1, "percent_branches_covered": 50.0, "percent_branches_covered_display": "50"}, "missing_lines": [21], "excluded_lines": [], "start_line": 18, "executed_branches": [[20, 22]], "missing_branches": [[20, 21]]}, "public_employee": {"executed_lines": [26, 27], "summary": {"covered_lines": 2, "num_statements": 2, "percent_covered": 100.0, "percent_covered_display": "100", "missing_lines": 0, "excluded_lines": 0, "percent_statements_covered": 100.0, "percent_statements_covered_display": "100", "num_branches": 0, "num_partial_branches": 0, "covered_branches": 0, "missing_branches": 0, "percent_branches_covered": 100.0, "percent_branches_covered_display": "100"}, "missing_lines": [], "excluded_lines": [], "start_line": 25, "executed_branches": [], "missing_branches": []}, "list_employees": {"executed_lines": [36, 37], "summary": {"covered_lines": 2, "num_statements": 2, "percent_covered": 100.0, "percent_covered_display": "100", "missing_lines": 0, "excluded_lines": 0, "percent_statements_covered": 100.0, "percent_statements_covered_display": "100", "num_branches": 0, "num_partial_branches": 0, "covered_branches": 0, "missing_branches": 0, "percent_branches_covered": 100.0, "percent_branches_covered_display": "100"}, "missing_lines": [], "excluded_lines": [], "start_line": 31, "executed_branches": [], "missing_branches": []}, "get_employee": {"executed_lines": [46, 47, 48, 49], "summary": {"covered_lines": 4, "num_statements": 4, "percent_covered": 100.0, "percent_covered_display": "100", "missing_lines": 0, "excluded_lines": 0, "percent_statements_covered": 100.0, "percent_statements_covered_display": "100", "num_branches": 2, "num_partial_branches": 0, "covered_branches": 2, "missing_branches": 0, "percent_branches_covered": 100.0, "percent_branches_covered_display": "100"}, "missing_lines": [], "excluded_lines": [], "start_line": 41, "executed_branches": [[47, 48], [47, 49]], "missing_branches": []}, "save_employee": {"executed_lines": [58, 59, 60, 61, 62, 63, 64, 65, 66], "summary": {"covered_lines": 9, "num_statements": 9, "percent_covered": 92.3076923076923, "percent_covered_display": "92", "missing_lines": 0, "excluded_lines": 0, "percent_statements_covered": 100.0, "percent_statements_covered_display": "100", "num_branches": 4, "num_partial_branches": 1, "covered_branches": 3, "missing_branches": 1, "percent_branches_covered": 75.0, "percent_branches_covered_display": "75"}, "missing_lines": [], "excluded_lines": [], "start_line": 53, "executed_branches": [[61, 62], [63, 64], [63, 65]], "missing_branches": [[61, 65]]}, "update_employee": {"executed_lines": [76, 77, 78, 79, 80, 81], "summary": {"covered_lines": 6, "num_statements": 6, "percent_covered": 100.0, "percent_covered_display": "100", "missing_lines": 0, "excluded_lines": 0, "percent_statements_covered": 100.0, "percent_statements_covered_display": "100", "num_branches": 2, "num_partial_branches": 0, "cove
[...]
 [68, 69], "start_line": 61, "executed_branches": [[62, 63], [62, 64], [65, 66]], "missing_branches": [[65, 72]]}, "RecognitionService._as_list": {"executed_lines": [76, 78], "summary": {"covered_lines": 2, "num_statements": 3, "percent_covered": 60.0, "percent_covered_display": "60", "missing_lines": 1, "excluded_lines": 0, "percent_statements_covered": 66.66666666666667, "percent_statements_covered_display": "67", "num_branches": 2, "num_partial_branches": 1, "covered_branches": 1, "missing_branches": 1, "percent_branches_covered": 50.0, "percent_branches_covered_display": "50"}, "missing_lines": [77], "excluded_lines": [], "start_line": 75, "executed_branches": [[76, 78]], "missing_branches": [[76, 77]]}, "RecognitionService.encode_face": {"executed_lines": [81, 82, 83], "summary": {"covered_lines": 3, "num_statements": 5, "percent_covered": 60.0, "percent_covered_display": "60", "missing_lines": 2, "excluded_lines": 0, "percent_statements_covered": 60.0, "percent_statements_covered_display": "60", "num_branches": 0, "num_partial_branches": 0, "covered_branches": 0, "missing_branches": 0, "percent_branches_covered": 100.0, "percent_branches_covered_display": "100"}, "missing_lines": [84, 85], "excluded_lines": [], "start_line": 80, "executed_branches": [], "missing_branches": []}, "RecognitionService.detect": {"executed_lines": [96, 98, 101, 102, 103, 104, 105, 107, 108, 112, 115, 116, 117, 119, 124, 125, 126, 127, 130, 131, 132, 134, 135, 136, 137, 138, 139, 140, 141, 142, 143, 144, 145, 149, 150, 160, 161, 165, 167, 168, 169, 170, 177], "summary": {"covered_lines": 43, "num_statements": 55, "percent_covered": 77.77777777777777, "percent_covered_display": "78", "missing_lines": 12, "excluded_lines": 0, "percent_statements_covered": 78.18181818181819, "percent_statements_covered_display": "78", "num_branches": 26, "num_partial_branches": 6, "covered_branches": 20, "missing_branches": 6, "percent_branches_covered": 76.92307692307692, "percent_branches_covered_display": "77"}, "missing_lines": [97, 99, 106, 109, 110, 111, 113, 128, 129, 133, 146, 147], "excluded_lines": [], "start_line": 87, "executed_branches": [[96, 98], [98, 101], [102, 103], [105, 107], [112, 115], [116, 117], [116, 119], [131, 132], [131, 167], [132, 134], [135, 136], [135, 137], [139, 140], [139, 141], [143, 144], [143, 149], [160, 161], [160, 165], [169, 170], [169, 177]], "missing_branches": [[96, 97], [98, 99], [102, 104], [105, 106], [112, 113], [132, 133]]}, "RecognitionService._get_face_candidates": {"executed_lines": [196, 197, 198, 199, 200, 201, 203, 204, 205, 206, 208, 210, 211, 220, 221], "summary": {"covered_lines": 15, "num_statements": 19, "percent_covered": 77.77777777777777, "percent_covered_display": "78", "missing_lines": 4, "excluded_lines": 0, "percent_statements_covered": 78.94736842105263, "percent_statements_covered_display": "79", "num_branches": 8, "num_partial_branches": 2, "covered_branches": 6, "missing_branches": 2, "percent_branches_covered": 75.0, "percent_branches_covered_display": "75"}, "missing_lines": [207, 209, 218, 219], "excluded_lines": [], "start_line": 195, "executed_branches": [[200, 201], [200, 203], [204, 205], [204, 220], [206, 208], [208, 210]], "missing_branches": [[206, 207], [208, 209]]}, "RecognitionService._detect_raw_faces": {"executed_lines": [224, 228, 229, 230, 231, 232], "summary": {"covered_lines": 6, "num_statements": 6, "percent_covered": 100.0, "percent_covered_display": "100", "missing_lines": 0, "excluded_lines": 0, "percent_statements_covered": 100.0, "percent_statements_covered_display": "100", "num_branches": 0, "num_partial_branches": 0, "covered_branches": 0, "missing_branches": 0, "percent_branches_covered": 100.0, "percent_branches_covered_display": "100"}, "missing_lines": [], "excluded_lines": [], "start_line": 223, "executed_branches": [], "missing_branches": []}, "RecognitionService._detect_raw_faces.infer": {"executed_lines": [225, 226], "summary": {"covered_lines": 2, "num_statements": 2, "percent_covered": 100.0, "percent_covered_display": "100", "missing_lines": 0, "excluded_lines": 0, "percent_statements_covered": 100.0, "percent_statements_covered_display": "100", "num_branches": 0, "num_partial_branches": 0, "covered_branches": 0, "missing_branches": 0, "percent_branches_covered": 100.0, "percent_branches_covered_display": "100"}, "missing_lines": [], "excluded_lines": [], "start_line": 224, "executed_branches": [], "missing_branches": []}, "RecognitionService._frame_dimensions": {"executed_lines": [236, 237, 238, 241], "summary": {"covered_lines": 4, "num_statements": 6, "percent_covered": 66.66666666666667, "percent_covered_display": "67", "missing_lines": 2, "excluded_lines": 0, "percent_statements_covered": 66.66666666666667, "percent_statements_covered_display": "67", "num_branches": 0, "num_partial_branches": 0, "covered_branches": 0, "missing_branches": 0, "percent_branches_covered": 100.0, "percent_branches_covered_display": "100"}, "missing_lines": [239, 240], "excluded_lines": [], "start_line": 235, "executed_branches": [], "missing_branches": []}, "RecognitionService._normalize_bbox": {"executed_lines": [245, 246, 249, 250, 251, 252, 253, 254, 255, 256, 257, 258, 259, 260, 262], "summary": {"covered_lines": 15, "num_statements": 18, "percent_covered": 78.57142857142857, "percent_covered_display": "79", "missing_lines": 3, "excluded_lines": 0, "percent_statements_covered": 83.33333333333333, "percent_statements_covered_display": "83", "num_branches": 10, "num_partial_branches": 3, "covered_branches": 7, "missing_branches": 3, "percent_branches_covered": 70.0, "percent_branches_covered_display": "70"}, "missing_lines": [247, 248, 261], "excluded_lines": [], "start_line": 244, "executed_branches": [[249, 250], [249, 251], [252, 253], [252, 254], [254, 255], [257, 258], [260, 262]], "missing_branches": [[254, 257], [257, 260], [260, 261]]}, "RecognitionService._safe_score": {"executed_lines": [266, 267, 270], "summary": {"covered_lines": 3, "num_statements": 5, "percent_covered": 60.0, "percent_covered_display": "60", "missing_lines": 2, "excluded_lines": 0, "percent_statements_covered": 60.0, "percent_statements_covered_display": "60", "num_branches": 0, "num_partial_branches": 0, "covered_branches": 0, "missing_branches": 0, "percent_branches_covered": 100.0, "percent_branches_covered_display": "100"}, "missing_lines": [268, 269], "excluded_lines": [], "start_line": 265, "executed_branches": [], "missing_branches": []}, "RecognitionService._empty_detection_result": {"executed_lines": [274, 275], "summary": {"covered_lines": 2, "num_statements": 2, "percent_covered": 100.0, "percent_covered_display": "100", "missing_lines": 0, "excluded_lines": 0, "percent_statements_covered": 100.0, "percent_statements_covered_display": "100", "num_branches": 0, "num_partial_branches": 0, "covered_branches": 0, "missing_branches": 0, "percent_branches_covered": 100.0, "percent_branches_covered_display": "100"}, "missing_lines": [], "excluded_lines": [], "start_line": 273, "executed_branches": [], "missing_branches": []}, "RecognitionService.recognize": {"executed_lines": [306, 311, 312, 319, 320, 321, 323, 324, 325, 326, 330, 331, 333, 343, 347, 348, 349, 350, 353, 354, 359, 360, 369, 373, 374, 379, 380, 391, 396, 403, 414, 415, 418], "summary": {"covered_lines": 33, "num_statements": 39, "percent_covered": 83.05084745762711, "percent_covered_display": "83", "missing_lines": 6, "excluded_lines": 0, "percent_statements_covered": 84.61538461538461, "percent_statements_covered_display": "85", "num_branches": 20, "num_partial_branches": 4, "covered_branches": 16, "missing_branches": 4, "percent_branches_covered": 80.0, "percent_branches_covered_display": "80"}, "missing_lines": [322, 332, 344, 351, 352, 370], "excluded_lines": [], "start_line": 293, "executed_branches": [[311, 312], [311, 319], [321, 323], [325, 326], [325, 348], [330, 331], [330, 348], [331, 333], [343, 347], [353, 354], [353, 374], [359, 360], [359, 374], [369, 373], [414, 415], [414, 418]], "missing_branches": [[321, 322], [331, 332], [343, 344], [369, 370]]}, "RecognitionService._compute_shift_metadata": {"executed_lines": [427, 428, 429, 434, 435], "summary": {"covered_lines": 5, "num_statements": 8, "percent_covered": 58.333333333333336, "percent_covered_display": "58", "missing_lines": 3, "excluded_lines": 0, "percent_statements_covered": 62.5, "percent_statements_covered_display": "62", "num_branches": 4, "num_partial_branches": 2, "covered_branches": 2, "missing_branches": 2, "percent_branches_covered": 50.0, "percent_branches_covered_display": "50"}, "missing_lines": [436, 437, 438], "excluded_lines": [], "start_line": 420, "executed_branches": [[428, 429], [434, 435]], "missing_branches": [[428, 438], [434, 438]]}, "RecognitionService._store_attendance_snapshot": {"executed_lines": [447, 448, 449, 450, 455, 456, 457], "summary": {"covered_lines": 7, "num_statements": 7, "percent_covered": 90.9090909090909, "percent_covered_display": "91", "missing_lines": 0, "excluded_lines": 2, "percent_statements_covered": 100.0, "percent_statements_covered_display": "100", "num_branches": 4, "num_partial_branches": 1, "covered_branches": 3, "missing_branches": 1, "percent_branches_covered": 75.0, "percent_branches_covered_display": "75"}, "missing_lines": [], "excluded_lines": [461, 462], "start_line": 440, "executed_branches": [[447, 448], [447, 449], [456, 457]], "missing_branches": [[456, -440]]}, "RecognitionService._write_recognition_audit": {"executed_lines": [473, 474, 475, 483, 484], "summary": {"covered_lines": 5, "num_statements": 5, "percent_covered": 100.0, "percent_covered_display": "100", "missing_lines": 0, "excluded_lines": 2, "percent_statements_covered": 100.0, "percent_statements_covered_display": "100", "num_branches": 2, "num_partial_branches": 0, "covered_branches": 2, "missing_branches": 0, "percent_branches_covered": 100.0, "percent_branches_covered_display": "100"}, "missing_lines": [], "excluded_lines": [491, 492], "start_line": 464, "executed_branches": [[473, 474], [473, 475]], "missing_branches": []}, "RecognitionService._anti_spoof_entitled": {"executed_lines": [495, 496, 497, 498, 499, 500], "summary": {"covered_lines": 6, "num_statements": 8, "percent_covered": 80.0, "percent_covered_display": "80", "missing_lines": 2, "excluded_lines": 0, "percent_statements_covered": 75.0, "percent_statements_covered_display": "75", "num_branches": 2, "num_partial_branches": 0, "covered_branches": 2, "missing_branches": 0, "percent_branches_covered": 100.0, "percent_branches_covered_display": "100"}, "missing_lines": [501, 504], "excluded_lines": [], "start_line": 494, "executed_branches": [[495, 496], [495, 497]], "missing_branches": []}, "RecognitionService._check_liveness": {"executed_lines": [508, 509, 510, 511, 512, 513, 515, 516, 517, 518, 519, 520, 524], "summary": {"covered_lines": 13, "num_statements": 18, "percent_covered": 70.83333333333333, "percent_covered_display": "71", "missing_lines": 5, "excluded_lines": 0, "percent_statements_covered": 72.22222222222223, "percent_statements_covered_display": "72", "num_branches": 6, "num_partial_branches": 2, "covered_branches": 4, "missing_branches": 2, "percent_branches_covered": 66.66666666666667, "percent_branches_covered_display": "67"}, "missing_lines": [514, 522, 523, 525, 526], "excluded_lines": [], "start_line": 507, "executed_branches": [[510, 511], [510, 512], [513, 515], [518, 519]], "missing_branches": [[513, 514], [518, 522]]}, "RecognitionService._get_attendance_lock": {"executed_lines": [531, 532, 533], "summary": {"covered_lines": 3, "num_statements": 3, "percent_covered": 100.0, "percent_covered_display": "100", "missing_lines": 0, "excluded_lines": 0, "percent_statements_covered": 100.0, "percent_statements_covered_display": "100", "num_branches": 2, "num_partial_branches": 0, "covered_branches": 2, "missing_branches": 0, "percent_branches_covered": 100.0, "percent_branches_covered_display": "100"}, "missing_lines": [], "excluded_lines": [], "start_line": 528, "executed_branches": [[531, 532], [531, 533]], "missing_branches": []}, "": {"executed_lines": [3, 5, 6, 7, 8, 9, 10, 11, 12, 13, 15, 16, 17, 18, 20, 23, 27, 39, 42, 61, 74, 75, 80, 87, 195, 223, 234, 235, 243, 244, 264, 265, 272, 273, 293, 420, 440, 464, 494, 506, 507, 528], "summary": {"covered_lines": 42, "num_statements": 42, "percent_covered": 100.0, "percent_covered_display": "100", "missing_lines": 0, "excluded_lines": 0, "percent_statements_covered": 100.0, "percent_statements_covered_display": "100", "num_branches": 0, "num_partial_branches": 0, "covered_branches": 0, "missing_branches": 0, "percent_branches_covered": 100.0, "percent_branches_covered_display": "100"}, "missing_lines": [], "excluded_lines": [], "start_line": 1, "executed_branches": [], "missing_branches": []}}, "classes": {"RecognitionUnavailable": {"executed_lines": [], "summary": {"covered_lines": 0, "num_statements": 0, "percent_covered": 100.0, "percent_covered_display": "100", "missing_lines": 0, "excluded_lines": 0, "percent_statements_covered": 100.0, "percent_statements_covered_display": "100", "num_branches": 0, "num_partial_branches": 0, "covered_branches": 0, "missing_branches": 0, "percent_branches_covered": 100.0, "percent_branches_covered_display": "100"}, "missing_lines": [], "excluded_lines": [], "start_line": 23, "executed_branches": [], "missing_branches": []}, "RecognitionService": {"executed_lines": [48, 49, 52, 53, 57, 58, 59, 62, 63, 64, 65, 66, 67, 72, 76, 78, 81, 82, 83, 96, 98, 101, 102, 103, 104, 105, 107, 108, 112, 115, 116, 117, 119, 124, 125, 126, 127, 130, 131, 132, 134, 135, 136, 137, 138, 139, 140, 141, 142, 143, 144, 145, 149, 150, 160, 161, 165, 167, 168, 169, 170, 177, 196, 197, 198, 199, 200, 201, 203, 204, 205, 206, 208, 210, 211, 220, 221, 224, 225, 226, 228, 229, 230, 231, 232, 236, 237, 238, 241, 245, 246, 249, 250, 251, 252, 253, 254, 255, 256, 257, 258, 259, 260, 262, 266, 267, 270, 274, 275, 306, 311, 312, 319, 320, 321, 323, 324, 325, 326, 330, 331, 333, 343, 347, 348, 349, 350, 353, 354, 359, 360, 369, 373, 374, 379, 380, 391, 396, 403, 414, 415, 418, 427, 428, 429, 434, 435, 447, 448, 449, 450, 455, 456, 457, 473, 474, 475, 483, 484, 495, 496, 497, 498, 499, 500, 508, 509, 510, 511, 512, 513, 515, 516, 517, 518, 519, 520, 524, 531, 532, 533], "summary": {"covered_lines": 181, "num_statements": 223, "percent_covered": 79.55271565495208, "percent_covered_display": "80", "missing_lines": 42, "excluded_lines": 6, "percent_statements_covered": 81.16591928251121, "percent_statements_covered_display": "81", "num_branches": 90, "num_partial_branches": 22, "covered_branches": 68, "missing_branches": 22, "percent_branches_covered": 75.55555555555556, "percent_branches_covered_display": "76"}, "missing_lines": [77, 84, 85, 97, 99, 106, 109, 110, 111, 113, 128, 129, 133, 146, 147, 207, 209, 218, 219, 239, 240, 247, 248, 261, 268, 269, 322, 332, 344, 351, 352, 370, 436, 437, 438, 501, 504, 514, 522, 523, 525, 526], "excluded_lines": [68, 69, 461, 462, 491, 492], "start_line": 39, "executed_branches": [[62, 63], [62, 64], [65, 66], [76, 78], [96, 98], [98, 101], [102, 103], [105, 107], [112, 115], [116, 117], [116, 119], [131, 132], [131, 167], [132, 134], [135, 136], [135, 137], [139, 140], [139, 141], [143, 144], [143, 149], [160, 161], [160, 165], [169, 170], [169, 177], [200, 201], [200, 203], [204, 205], [204, 220], [206, 208], [208, 210], [249, 250], [249, 251], [252, 253], [252, 254], [254, 255], [257, 258], [260, 262], [311, 312], [311, 319], [321, 323], [325, 326], [325, 348], [330, 331], [330, 348], [331, 333], [343, 347], [353, 354], [353, 374], [359, 360], [359, 374], [369, 373], [414, 415], [414, 418], [428, 429], [434, 435], [447, 448], [447, 449], [456, 457], [473, 474], [473, 475], [495, 496], [495, 497], [510, 511], [510, 512], [513, 515], [518, 519], [531, 532], [531, 533]], "missing_branches": [[65, 72], [76, 77], [96, 97], [98, 99], [102, 104], [105, 106], [112, 113], [132, 133], [206, 207], [208, 209], [254, 257], [257, 260], [260, 261], [321, 322], [331, 332], [343, 344], [369, 370], [428, 438], [434, 438], [456, -440], [513, 514], [518, 522]]}, "": {"executed_lines": [3, 5, 6, 7, 8, 9, 10, 11, 12, 13, 15, 16, 17, 18, 20, 23, 27, 28, 29, 31, 33, 34, 35, 36, 39, 42, 61, 74, 75, 80, 87, 195, 223, 234, 235, 243, 244, 264, 265, 272, 273, 293, 420, 440, 464, 494, 506, 507, 528], "summary": {"covered_lines": 49, "num_statements": 51, "percent_covered": 92.72727272727273, "percent_covered_display": "93", "missing_lines": 2, "excluded_lines": 0, "percent_statements_covered": 96.07843137254902, "percent_statements_covered_display": "96", "num_branches": 4, "num_partial_branches": 2, "covered_branches": 2, "missing_branches": 2, "percent_branches_covered": 50.0, "percent_branches_covered_display": "50"}, "missing_lines": [30, 32], "excluded_lines": [], "start_line": 1, "executed_branches": [[29, 31], [31, 33]], "missing_branches": [[29, 30], [31, 32]]}}}, "backend\\app\\recognition\\vision_dependencies.py": {"executed_lines": [7, 9, 10, 11, 12, 19, 22], "summary": {"covered_lines": 7, "num_statements": 9, "percent_covered": 63.63636363636363, "percent_covered_display": "64", "missing_lines": 2, "excluded_lines": 5, "percent_statements_covered": 77.77777777777777, "percent_statements_covered_display": "78", "num_branches": 2, "num_partial_branches": 0, "covered_branches": 0, "missing_branches": 2, "percent_branches_covered": 0.0, "percent_branches_covered_display": "0"}, "missing_lines": [23, 24], "excluded_lines": [13, 14, 15, 16, 17], "executed_branches": [], "missing_branches": [[23, -22], [23, 24]], "functions": {"require_vision_dependencies": {"executed_lines": [], "summary": {"covered_lines": 0, "num_statements": 2, "percent_covered": 0.0, "percent_covered_display": "0", "missing_lines": 2, "excluded_lines": 0, "percent_statements_covered": 0.0, "percent_statements_covered_display": "0", "num_branches": 2, "num_partial_branches": 0, "covered_branches": 0, "missing_branches": 2, "percent_branches_covered": 0.0, "percent_branches_covered_display": "0"}, "missing_lines": [23, 24], "excluded_lines": [], "start_line": 22, "executed_branches": [], "missing_branches": [[23, -22], [23, 24]]}, "": {"executed_lines": [7, 9, 10, 11, 12, 19, 22], "summary": {"covered_lines": 7, "num_statements": 7, "percent_covered": 100.0, "percent_covered_display": "100", "missing_lines": 0, "excluded_lines": 5, "percent_statements_covered": 100.0, "percent_statements_covered_display": "100", "num_branches": 0, "num_partial_branches": 0, "covered_branches": 0, "missing_branches": 0, "percent_branches_covered": 100.0, "percent_branches_covered_display": "100"}, "missing_lines": [], "excluded_lines": [13, 14, 15, 16, 17], "start_line": 1, "executed_branches": [], "missing_branches": []}}, "classes": {"": {"executed_lines": [7, 9, 10, 11, 12, 19, 22], "summary": {"covered_lines": 7, "num_statements": 9, "percent_covered": 63.63636363636363, "percent_covered_display": "64", "missing_lines": 2, "excluded_lines": 5, "percent_statements_covered": 77.77777777777777, "percent_statements_covered_display": "78", "num_branches": 2, "num_partial_branches": 0, "covered_branches": 0, "missing_branches": 2, "percent_branches_covered": 0.0, "percent_branches_covered_display": "0"}, "missing_lines": [23, 24], "excluded_lines": [13, 14, 15, 16, 17], "start_line": 1, "executed_branches": [], "missing_branches": [[23, -22], [23, 24]]}}}}, "totals": {"covered_lines": 2588, "num_statements": 4723, "percent_covered": 50.008055421298536, "percent_covered_display": "50", "missing_lines": 2135, "excluded_lines": 148, "percent_statements_covered": 54.79568071141224, "percent_statements_covered_display": "55", "num_branches": 1484, "num_partial_branches": 228, "covered_branches": 516, "missing_branches": 968, "percent_branches_covered": 34.77088948787062, "percent_branches_covered_display": "35"}}